*[INFO ]-- Starting Project1Application using Java 17.0.3.1 with PID 18732 (C:\Users\joshika.d\Downloads\project1\project1\target\classes started by joshika.d in C:\Users\joshika.d\Downloads\project1\project1)--
*[INFO ]-- No active profile set, falling back to 1 default profile: "default"--
*[INFO ]-- Starting service [Tomcat]--
*[INFO ]-- Starting Servlet engine: [Apache Tomcat/10.1.16]--
*[INFO ]-- Initializing Spring embedded WebApplicationContext--
*[INFO ]-- HikariPool-1 - Starting...--
*[INFO ]-- HikariPool-1 - Added connection conn0: url=jdbc:h2:file:/data/sb1 user=SA--
*[INFO ]-- HikariPool-1 - Start completed.--
*[INFO ]-- Started Project1Application in 4.163 seconds (process running for 4.548)--
*[INFO ]-- Initializing Spring DispatcherServlet 'dispatcherServlet'--
*[INFO ]-- Before method execution: CustomerController.getAllCustomers()--
*[INFO ]-- Before method execution: CustomerServiceImpl.getAllCustomers()--
*[INFO ]-- Before method execution: ListCrudRepository.findAll()--
*[INFO ]-- After method execution: ListCrudRepository.findAll()--
*[INFO ]-- After method execution: CustomerServiceImpl.getAllCustomers()--
*[INFO ]-- After method execution: CustomerController.getAllCustomers()--
*[INFO ]-- Before method execution: CustomerController.getAllCustomers()--
*[INFO ]-- Before method execution: CustomerServiceImpl.getAllCustomers()--
*[INFO ]-- Before method execution: ListCrudRepository.findAll()--
*[INFO ]-- After method execution: ListCrudRepository.findAll()--
*[INFO ]-- After method execution: CustomerServiceImpl.getAllCustomers()--
*[INFO ]-- After method execution: CustomerController.getAllCustomers()--
*[INFO ]-- HikariPool-1 - Shutdown initiated...--
*[INFO ]-- HikariPool-1 - Shutdown completed.--
*[INFO ]-- Starting Project1Application using Java 17.0.3.1 with PID 17852 (C:\Users\joshika.d\Downloads\project1\project1\target\classes started by joshika.d in C:\Users\joshika.d\Downloads\project1\project1)--
*[INFO ]-- No active profile set, falling back to 1 default profile: "default"--
*[INFO ]-- Starting service [Tomcat]--
*[INFO ]-- Starting Servlet engine: [Apache Tomcat/10.1.16]--
*[INFO ]-- Initializing Spring embedded WebApplicationContext--
*[INFO ]-- HikariPool-1 - Starting...--
*[INFO ]-- HikariPool-1 - Added connection conn0: url=jdbc:h2:file:/data/sb1 user=SA--
*[INFO ]-- HikariPool-1 - Start completed.--
*[INFO ]-- Started Project1Application in 4.306 seconds (process running for 4.679)--
*[INFO ]-- Initializing Spring DispatcherServlet 'dispatcherServlet'--
*[INFO ]-- Before method execution: CustomerController.getAllCustomers()--
*[INFO ]-- Before method execution: CustomerServiceImpl.getAllCustomers()--
*[INFO ]-- Before method execution: ListCrudRepository.findAll()--
*[INFO ]-- After method execution: ListCrudRepository.findAll()--
*[INFO ]-- After method execution: CustomerServiceImpl.getAllCustomers()--
*[INFO ]-- After method execution: CustomerController.getAllCustomers()--
*[INFO ]-- Before method execution: CustomerController.getCustomerById(..)--
*[INFO ]-- Before method execution: CustomerServiceImpl.getCustomerById(..)--
*[INFO ]-- Before method execution: CrudRepository.findById(..)--
*[INFO ]-- After method execution: CrudRepository.findById(..)--
*[INFO ]-- After method execution: CustomerServiceImpl.getCustomerById(..)--
*[INFO ]-- After method execution: CustomerController.getCustomerById(..)--
*[INFO ]-- HikariPool-1 - Shutdown initiated...--
*[INFO ]-- HikariPool-1 - Shutdown completed.--
*[INFO ]-- Starting Project1Application using Java 17.0.3.1 with PID 14000 (C:\Users\joshika.d\Downloads\project1\project1\target\classes started by joshika.d in C:\Users\joshika.d\Downloads\project1\project1)--
*[INFO ]-- No active profile set, falling back to 1 default profile: "default"--
*[INFO ]-- Starting service [Tomcat]--
*[INFO ]-- Starting Servlet engine: [Apache Tomcat/10.1.16]--
*[INFO ]-- Initializing Spring embedded WebApplicationContext--
*[INFO ]-- HikariPool-1 - Starting...--
*[INFO ]-- HikariPool-1 - Added connection conn0: url=jdbc:h2:file:/data/sb1 user=SA--
*[INFO ]-- HikariPool-1 - Start completed.--
*[INFO ]-- Started Project1Application in 4.35 seconds (process running for 4.735)--
*[INFO ]-- Initializing Spring DispatcherServlet 'dispatcherServlet'--
*[INFO ]-- Before method execution: CustomerController.getCustomerById(..)--
*[INFO ]-- Before method execution: CustomerServiceImpl.getCustomerById(..)--
*[INFO ]-- Before method execution: CrudRepository.findById(..)--
*[INFO ]-- After method execution: CrudRepository.findById(..)--
*[INFO ]-- After method execution: CustomerServiceImpl.getCustomerById(..)--
*[INFO ]-- After method execution: CustomerController.getCustomerById(..)--
*[INFO ]-- HikariPool-1 - Shutdown initiated...--
*[INFO ]-- HikariPool-1 - Shutdown completed.--
*[INFO ]-- Starting Project1Application using Java 17.0.3.1 with PID 6400 (C:\Users\joshika.d\Downloads\project1\project1\target\classes started by joshika.d in C:\Users\joshika.d\Downloads\project1\project1)--
*[INFO ]-- No active profile set, falling back to 1 default profile: "default"--
*[INFO ]-- Starting service [Tomcat]--
*[INFO ]-- Starting Servlet engine: [Apache Tomcat/10.1.16]--
*[INFO ]-- Initializing Spring embedded WebApplicationContext--
*[INFO ]-- HikariPool-1 - Starting...--
*[INFO ]-- HikariPool-1 - Added connection conn0: url=jdbc:h2:file:/data/sb1 user=SA--
*[INFO ]-- HikariPool-1 - Start completed.--
*[INFO ]-- Started Project1Application in 4.307 seconds (process running for 4.681)--
*[INFO ]-- Initializing Spring DispatcherServlet 'dispatcherServlet'--
*[INFO ]-- Before method execution: CustomerController.getCustomerById(..)--
*[INFO ]-- Before method execution: CustomerServiceImpl.getCustomerById(..)--
*[INFO ]-- Before method execution: CrudRepository.findById(..)--
*[INFO ]-- After method execution: CrudRepository.findById(..)--
*[INFO ]-- After method execution: CustomerServiceImpl.getCustomerById(..)--
*[INFO ]-- After method execution: CustomerController.getCustomerById(..)--
*[INFO ]-- HikariPool-1 - Shutdown initiated...--
*[INFO ]-- HikariPool-1 - Shutdown completed.--
*[INFO ]-- Starting Project1Application using Java 17.0.3.1 with PID 5352 (C:\Users\joshika.d\Downloads\project1\project1\target\classes started by joshika.d in C:\Users\joshika.d\Downloads\project1\project1)--
*[INFO ]-- No active profile set, falling back to 1 default profile: "default"--
*[INFO ]-- Starting service [Tomcat]--
*[INFO ]-- Starting Servlet engine: [Apache Tomcat/10.1.16]--
*[INFO ]-- Initializing Spring embedded WebApplicationContext--
*[INFO ]-- HikariPool-1 - Starting...--
*[INFO ]-- HikariPool-1 - Added connection conn0: url=jdbc:h2:file:/data/sb1 user=SA--
*[INFO ]-- HikariPool-1 - Start completed.--
*[INFO ]-- Started Project1Application in 4.293 seconds (process running for 4.673)--
*[INFO ]-- Initializing Spring DispatcherServlet 'dispatcherServlet'--
*[INFO ]-- Before method execution: CustomerController.getCustomerById(..)--
*[INFO ]-- Before method execution: CustomerServiceImpl.getCustomerById(..)--
*[INFO ]-- Before method execution: CrudRepository.findById(..)--
*[INFO ]-- After method execution: CrudRepository.findById(..)--
*[INFO ]-- After method execution: CustomerServiceImpl.getCustomerById(..)--
*[INFO ]-- After method execution: CustomerController.getCustomerById(..)--
*[INFO ]-- HikariPool-1 - Shutdown initiated...--
*[INFO ]-- HikariPool-1 - Shutdown completed.--
*[INFO ]-- Starting Project1Application using Java 17.0.3.1 with PID 10756 (C:\Users\joshika.d\Downloads\project1\project1\target\classes started by joshika.d in C:\Users\joshika.d\Downloads\project1\project1)--
*[INFO ]-- No active profile set, falling back to 1 default profile: "default"--
*[INFO ]-- Starting service [Tomcat]--
*[INFO ]-- Starting Servlet engine: [Apache Tomcat/10.1.16]--
*[INFO ]-- Initializing Spring embedded WebApplicationContext--
*[INFO ]-- HikariPool-1 - Starting...--
*[INFO ]-- HikariPool-1 - Added connection conn0: url=jdbc:h2:file:/data/sb1 user=SA--
*[INFO ]-- HikariPool-1 - Start completed.--
*[INFO ]-- Started Project1Application in 4.254 seconds (process running for 4.624)--
*[INFO ]-- Initializing Spring DispatcherServlet 'dispatcherServlet'--
*[INFO ]-- Before method execution: CustomerController.getCustomerById(..)--
*[INFO ]-- Before method execution: CustomerServiceImpl.getCustomerById(..)--
*[INFO ]-- Before method execution: CrudRepository.findById(..)--
*[INFO ]-- After method execution: CrudRepository.findById(..)--
*[INFO ]-- After method execution: CustomerServiceImpl.getCustomerById(..)--
*[INFO ]-- After method execution: CustomerController.getCustomerById(..)--
*[INFO ]-- HikariPool-1 - Shutdown initiated...--
*[INFO ]-- HikariPool-1 - Shutdown completed.--
*[INFO ]-- Starting Project1Application using Java 17.0.3.1 with PID 12836 (C:\Users\joshika.d\Downloads\project1\project1\target\classes started by joshika.d in C:\Users\joshika.d\Downloads\project1\project1)--
*[INFO ]-- No active profile set, falling back to 1 default profile: "default"--
*[ERROR]-- Application run failed--
org.springframework.beans.factory.BeanCreationException: Error creating bean with name 'projectingArgumentResolverBeanPostProcessor' defined in class path resource [org/springframework/data/web/config/ProjectingArgumentResolverRegistrar.class]: BeanPostProcessor before instantiation of bean failed
	at org.springframework.beans.factory.support.AbstractAutowireCapableBeanFactory.createBean(AbstractAutowireCapableBeanFactory.java:518)
	at org.springframework.beans.factory.support.AbstractBeanFactory.lambda$doGetBean$0(AbstractBeanFactory.java:325)
	at org.springframework.beans.factory.support.DefaultSingletonBeanRegistry.getSingleton(DefaultSingletonBeanRegistry.java:234)
	at org.springframework.beans.factory.support.AbstractBeanFactory.doGetBean(AbstractBeanFactory.java:323)
	at org.springframework.beans.factory.support.AbstractBeanFactory.getBean(AbstractBeanFactory.java:204)
	at org.springframework.context.support.PostProcessorRegistrationDelegate.registerBeanPostProcessors(PostProcessorRegistrationDelegate.java:277)
	at org.springframework.context.support.AbstractApplicationContext.registerBeanPostProcessors(AbstractApplicationContext.java:792)
	at org.springframework.context.support.AbstractApplicationContext.refresh(AbstractApplicationContext.java:600)
	at org.springframework.boot.web.servlet.context.ServletWebServerApplicationContext.refresh(ServletWebServerApplicationContext.java:146)
	at org.springframework.boot.SpringApplication.refresh(SpringApplication.java:753)
	at org.springframework.boot.SpringApplication.refreshContext(SpringApplication.java:455)
	at org.springframework.boot.SpringApplication.run(SpringApplication.java:323)
	at org.springframework.boot.SpringApplication.run(SpringApplication.java:1342)
	at org.springframework.boot.SpringApplication.run(SpringApplication.java:1331)
	at com.kgisl.project1.Project1Application.main(Project1Application.java:18)
Caused by: org.springframework.beans.factory.BeanCreationException: Error creating bean with name 'org.springframework.transaction.annotation.ProxyTransactionManagementConfiguration': warning no match for this type name: com.geeksforgeeks.demo.dao.MockDAO [Xlint:invalidAbsoluteTypeName]
	at org.springframework.beans.factory.support.AbstractAutowireCapableBeanFactory.doCreateBean(AbstractAutowireCapableBeanFactory.java:608)
	at org.springframework.beans.factory.support.AbstractAutowireCapableBeanFactory.createBean(AbstractAutowireCapableBeanFactory.java:523)
	at org.springframework.beans.factory.support.AbstractBeanFactory.lambda$doGetBean$0(AbstractBeanFactory.java:325)
	at org.springframework.beans.factory.support.DefaultSingletonBeanRegistry.getSingleton(DefaultSingletonBeanRegistry.java:234)
	at org.springframework.beans.factory.support.AbstractBeanFactory.doGetBean(AbstractBeanFactory.java:323)
	at org.springframework.beans.factory.support.AbstractBeanFactory.getBean(AbstractBeanFactory.java:199)
	at org.springframework.beans.factory.support.ConstructorResolver.instantiateUsingFactoryMethod(ConstructorResolver.java:413)
	at org.springframework.beans.factory.support.AbstractAutowireCapableBeanFactory.instantiateUsingFactoryMethod(AbstractAutowireCapableBeanFactory.java:1336)
	at org.springframework.beans.factory.support.AbstractAutowireCapableBeanFactory.createBeanInstance(AbstractAutowireCapableBeanFactory.java:1166)
	at org.springframework.beans.factory.support.AbstractAutowireCapableBeanFactory.doCreateBean(AbstractAutowireCapableBeanFactory.java:563)
	at org.springframework.beans.factory.support.AbstractAutowireCapableBeanFactory.createBean(AbstractAutowireCapableBeanFactory.java:523)
	at org.springframework.beans.factory.support.AbstractBeanFactory.lambda$doGetBean$0(AbstractBeanFactory.java:325)
	at org.springframework.beans.factory.support.DefaultSingletonBeanRegistry.getSingleton(DefaultSingletonBeanRegistry.java:234)
	at org.springframework.beans.factory.support.AbstractBeanFactory.doGetBean(AbstractBeanFactory.java:323)
	at org.springframework.beans.factory.support.AbstractBeanFactory.getBean(AbstractBeanFactory.java:204)
	at org.springframework.aop.framework.autoproxy.BeanFactoryAdvisorRetrievalHelper.findAdvisorBeans(BeanFactoryAdvisorRetrievalHelper.java:91)
	at org.springframework.aop.framework.autoproxy.AbstractAdvisorAutoProxyCreator.findCandidateAdvisors(AbstractAdvisorAutoProxyCreator.java:111)
	at org.springframework.aop.aspectj.annotation.AnnotationAwareAspectJAutoProxyCreator.findCandidateAdvisors(AnnotationAwareAspectJAutoProxyCreator.java:92)
	at org.springframework.aop.aspectj.autoproxy.AspectJAwareAdvisorAutoProxyCreator.shouldSkip(AspectJAwareAdvisorAutoProxyCreator.java:101)
	at org.springframework.aop.framework.autoproxy.AbstractAutoProxyCreator.postProcessBeforeInstantiation(AbstractAutoProxyCreator.java:280)
	at org.springframework.beans.factory.support.AbstractAutowireCapableBeanFactory.applyBeanPostProcessorsBeforeInstantiation(AbstractAutowireCapableBeanFactory.java:1131)
	at org.springframework.beans.factory.support.AbstractAutowireCapableBeanFactory.resolveBeforeInstantiation(AbstractAutowireCapableBeanFactory.java:1106)
	at org.springframework.beans.factory.support.AbstractAutowireCapableBeanFactory.createBean(AbstractAutowireCapableBeanFactory.java:512)
	... 14 common frames omitted
Caused by: java.lang.IllegalArgumentException: warning no match for this type name: com.geeksforgeeks.demo.dao.MockDAO [Xlint:invalidAbsoluteTypeName]
	at org.aspectj.weaver.tools.PointcutParser.parsePointcutExpression(PointcutParser.java:319)
	at org.springframework.aop.aspectj.AspectJExpressionPointcut.buildPointcutExpression(AspectJExpressionPointcut.java:222)
	at org.springframework.aop.aspectj.AspectJExpressionPointcut.obtainPointcutExpression(AspectJExpressionPointcut.java:193)
	at org.springframework.aop.aspectj.AspectJExpressionPointcut.getClassFilter(AspectJExpressionPointcut.java:172)
	at org.springframework.aop.support.AopUtils.canApply(AopUtils.java:234)
	at org.springframework.aop.support.AopUtils.canApply(AopUtils.java:296)
	at org.springframework.aop.support.AopUtils.findAdvisorsThatCanApply(AopUtils.java:328)
	at org.springframework.aop.framework.autoproxy.AbstractAdvisorAutoProxyCreator.findAdvisorsThatCanApply(AbstractAdvisorAutoProxyCreator.java:128)
	at org.springframework.aop.framework.autoproxy.AbstractAdvisorAutoProxyCreator.findEligibleAdvisors(AbstractAdvisorAutoProxyCreator.java:97)
	at org.springframework.aop.framework.autoproxy.AbstractAdvisorAutoProxyCreator.getAdvicesAndAdvisorsForBean(AbstractAdvisorAutoProxyCreator.java:78)
	at org.springframework.aop.framework.autoproxy.AbstractAutoProxyCreator.wrapIfNecessary(AbstractAutoProxyCreator.java:366)
	at org.springframework.aop.framework.autoproxy.AbstractAutoProxyCreator.postProcessAfterInitialization(AbstractAutoProxyCreator.java:318)
	at org.springframework.beans.factory.support.AbstractAutowireCapableBeanFactory.applyBeanPostProcessorsAfterInitialization(AbstractAutowireCapableBeanFactory.java:437)
	at org.springframework.beans.factory.support.AbstractAutowireCapableBeanFactory.initializeBean(AbstractAutowireCapableBeanFactory.java:1778)
	at org.springframework.beans.factory.support.AbstractAutowireCapableBeanFactory.doCreateBean(AbstractAutowireCapableBeanFactory.java:601)
	... 36 common frames omitted
*[INFO ]-- Starting Project1Application using Java 17.0.3.1 with PID 10048 (C:\Users\joshika.d\Downloads\project1\project1\target\classes started by joshika.d in C:\Users\joshika.d\Downloads\project1\project1)--
*[INFO ]-- No active profile set, falling back to 1 default profile: "default"--
*[INFO ]-- Starting service [Tomcat]--
*[INFO ]-- Starting Servlet engine: [Apache Tomcat/10.1.16]--
*[INFO ]-- Initializing Spring embedded WebApplicationContext--
*[INFO ]-- HikariPool-1 - Starting...--
*[INFO ]-- HikariPool-1 - Added connection conn0: url=jdbc:h2:file:/data/sb1 user=SA--
*[INFO ]-- HikariPool-1 - Start completed.--
*[INFO ]-- Started Project1Application in 4.215 seconds (process running for 4.584)--
*[INFO ]-- Initializing Spring DispatcherServlet 'dispatcherServlet'--
*[INFO ]-- Before method execution: CustomerController.getCustomerById(..)--
*[INFO ]-- Before method execution: CustomerServiceImpl.getCustomerById(..)--
*[INFO ]-- Before method execution: CrudRepository.findById(..)--
*[INFO ]-- After method execution: CrudRepository.findById(..)--
*[INFO ]-- After method execution: CustomerServiceImpl.getCustomerById(..)--
*[INFO ]-- After method execution: CustomerController.getCustomerById(..)--
*[INFO ]-- HikariPool-1 - Shutdown initiated...--
*[INFO ]-- HikariPool-1 - Shutdown completed.--
*[INFO ]-- Starting Project1Application using Java 17.0.3.1 with PID 3808 (C:\Users\joshika.d\Downloads\project1\project1\target\classes started by joshika.d in C:\Users\joshika.d\Downloads\project1\project1)--
*[INFO ]-- No active profile set, falling back to 1 default profile: "default"--
*[INFO ]-- Starting service [Tomcat]--
*[INFO ]-- Starting Servlet engine: [Apache Tomcat/10.1.16]--
*[INFO ]-- Initializing Spring embedded WebApplicationContext--
*[INFO ]-- HikariPool-1 - Starting...--
*[INFO ]-- HikariPool-1 - Added connection conn0: url=jdbc:h2:file:/data/sb1 user=SA--
*[INFO ]-- HikariPool-1 - Start completed.--
*[INFO ]-- Started Project1Application in 4.161 seconds (process running for 4.535)--
*[INFO ]-- Initializing Spring DispatcherServlet 'dispatcherServlet'--
*[INFO ]-- Before method execution: CustomerController.getCustomerById(..)--
*[INFO ]-- Before method execution: CustomerServiceImpl.getCustomerById(..)--
*[INFO ]-- Before method execution: CrudRepository.findById(..)--
*[INFO ]-- After method execution: CrudRepository.findById(..)--
*[INFO ]-- After method execution: CustomerServiceImpl.getCustomerById(..)--
*[INFO ]-- After method execution: CustomerController.getCustomerById(..)--
*[INFO ]-- HikariPool-1 - Shutdown initiated...--
*[INFO ]-- HikariPool-1 - Shutdown completed.--
*[INFO ]-- Starting Project1Application using Java 17.0.3.1 with PID 3544 (C:\Users\joshika.d\Downloads\project1\project1\target\classes started by joshika.d in C:\Users\joshika.d\Downloads\project1\project1)--
*[INFO ]-- No active profile set, falling back to 1 default profile: "default"--
*[ERROR]-- Application run failed--
org.springframework.beans.factory.BeanCreationException: Error creating bean with name 'projectingArgumentResolverBeanPostProcessor' defined in class path resource [org/springframework/data/web/config/ProjectingArgumentResolverRegistrar.class]: BeanPostProcessor before instantiation of bean failed
	at org.springframework.beans.factory.support.AbstractAutowireCapableBeanFactory.createBean(AbstractAutowireCapableBeanFactory.java:518)
	at org.springframework.beans.factory.support.AbstractBeanFactory.lambda$doGetBean$0(AbstractBeanFactory.java:325)
	at org.springframework.beans.factory.support.DefaultSingletonBeanRegistry.getSingleton(DefaultSingletonBeanRegistry.java:234)
	at org.springframework.beans.factory.support.AbstractBeanFactory.doGetBean(AbstractBeanFactory.java:323)
	at org.springframework.beans.factory.support.AbstractBeanFactory.getBean(AbstractBeanFactory.java:204)
	at org.springframework.context.support.PostProcessorRegistrationDelegate.registerBeanPostProcessors(PostProcessorRegistrationDelegate.java:277)
	at org.springframework.context.support.AbstractApplicationContext.registerBeanPostProcessors(AbstractApplicationContext.java:792)
	at org.springframework.context.support.AbstractApplicationContext.refresh(AbstractApplicationContext.java:600)
	at org.springframework.boot.web.servlet.context.ServletWebServerApplicationContext.refresh(ServletWebServerApplicationContext.java:146)
	at org.springframework.boot.SpringApplication.refresh(SpringApplication.java:753)
	at org.springframework.boot.SpringApplication.refreshContext(SpringApplication.java:455)
	at org.springframework.boot.SpringApplication.run(SpringApplication.java:323)
	at org.springframework.boot.SpringApplication.run(SpringApplication.java:1342)
	at org.springframework.boot.SpringApplication.run(SpringApplication.java:1331)
	at com.kgisl.project1.Project1Application.main(Project1Application.java:18)
Caused by: org.springframework.beans.factory.BeanCreationException: Error creating bean with name 'org.springframework.transaction.annotation.ProxyTransactionManagementConfiguration': warning no match for this type name: com.tutorialspoint.Student [Xlint:invalidAbsoluteTypeName]
	at org.springframework.beans.factory.support.AbstractAutowireCapableBeanFactory.doCreateBean(AbstractAutowireCapableBeanFactory.java:608)
	at org.springframework.beans.factory.support.AbstractAutowireCapableBeanFactory.createBean(AbstractAutowireCapableBeanFactory.java:523)
	at org.springframework.beans.factory.support.AbstractBeanFactory.lambda$doGetBean$0(AbstractBeanFactory.java:325)
	at org.springframework.beans.factory.support.DefaultSingletonBeanRegistry.getSingleton(DefaultSingletonBeanRegistry.java:234)
	at org.springframework.beans.factory.support.AbstractBeanFactory.doGetBean(AbstractBeanFactory.java:323)
	at org.springframework.beans.factory.support.AbstractBeanFactory.getBean(AbstractBeanFactory.java:199)
	at org.springframework.beans.factory.support.ConstructorResolver.instantiateUsingFactoryMethod(ConstructorResolver.java:413)
	at org.springframework.beans.factory.support.AbstractAutowireCapableBeanFactory.instantiateUsingFactoryMethod(AbstractAutowireCapableBeanFactory.java:1336)
	at org.springframework.beans.factory.support.AbstractAutowireCapableBeanFactory.createBeanInstance(AbstractAutowireCapableBeanFactory.java:1166)
	at org.springframework.beans.factory.support.AbstractAutowireCapableBeanFactory.doCreateBean(AbstractAutowireCapableBeanFactory.java:563)
	at org.springframework.beans.factory.support.AbstractAutowireCapableBeanFactory.createBean(AbstractAutowireCapableBeanFactory.java:523)
	at org.springframework.beans.factory.support.AbstractBeanFactory.lambda$doGetBean$0(AbstractBeanFactory.java:325)
	at org.springframework.beans.factory.support.DefaultSingletonBeanRegistry.getSingleton(DefaultSingletonBeanRegistry.java:234)
	at org.springframework.beans.factory.support.AbstractBeanFactory.doGetBean(AbstractBeanFactory.java:323)
	at org.springframework.beans.factory.support.AbstractBeanFactory.getBean(AbstractBeanFactory.java:204)
	at org.springframework.aop.framework.autoproxy.BeanFactoryAdvisorRetrievalHelper.findAdvisorBeans(BeanFactoryAdvisorRetrievalHelper.java:91)
	at org.springframework.aop.framework.autoproxy.AbstractAdvisorAutoProxyCreator.findCandidateAdvisors(AbstractAdvisorAutoProxyCreator.java:111)
	at org.springframework.aop.aspectj.annotation.AnnotationAwareAspectJAutoProxyCreator.findCandidateAdvisors(AnnotationAwareAspectJAutoProxyCreator.java:92)
	at org.springframework.aop.aspectj.autoproxy.AspectJAwareAdvisorAutoProxyCreator.shouldSkip(AspectJAwareAdvisorAutoProxyCreator.java:101)
	at org.springframework.aop.framework.autoproxy.AbstractAutoProxyCreator.postProcessBeforeInstantiation(AbstractAutoProxyCreator.java:280)
	at org.springframework.beans.factory.support.AbstractAutowireCapableBeanFactory.applyBeanPostProcessorsBeforeInstantiation(AbstractAutowireCapableBeanFactory.java:1131)
	at org.springframework.beans.factory.support.AbstractAutowireCapableBeanFactory.resolveBeforeInstantiation(AbstractAutowireCapableBeanFactory.java:1106)
	at org.springframework.beans.factory.support.AbstractAutowireCapableBeanFactory.createBean(AbstractAutowireCapableBeanFactory.java:512)
	... 14 common frames omitted
Caused by: java.lang.IllegalArgumentException: warning no match for this type name: com.tutorialspoint.Student [Xlint:invalidAbsoluteTypeName]
	at org.aspectj.weaver.tools.PointcutParser.parsePointcutExpression(PointcutParser.java:319)
	at org.springframework.aop.aspectj.AspectJExpressionPointcut.buildPointcutExpression(AspectJExpressionPointcut.java:222)
	at org.springframework.aop.aspectj.AspectJExpressionPointcut.obtainPointcutExpression(AspectJExpressionPointcut.java:193)
	at org.springframework.aop.aspectj.AspectJExpressionPointcut.getClassFilter(AspectJExpressionPointcut.java:172)
	at org.springframework.aop.support.AopUtils.canApply(AopUtils.java:234)
	at org.springframework.aop.support.AopUtils.canApply(AopUtils.java:296)
	at org.springframework.aop.support.AopUtils.findAdvisorsThatCanApply(AopUtils.java:328)
	at org.springframework.aop.framework.autoproxy.AbstractAdvisorAutoProxyCreator.findAdvisorsThatCanApply(AbstractAdvisorAutoProxyCreator.java:128)
	at org.springframework.aop.framework.autoproxy.AbstractAdvisorAutoProxyCreator.findEligibleAdvisors(AbstractAdvisorAutoProxyCreator.java:97)
	at org.springframework.aop.framework.autoproxy.AbstractAdvisorAutoProxyCreator.getAdvicesAndAdvisorsForBean(AbstractAdvisorAutoProxyCreator.java:78)
	at org.springframework.aop.framework.autoproxy.AbstractAutoProxyCreator.wrapIfNecessary(AbstractAutoProxyCreator.java:366)
	at org.springframework.aop.framework.autoproxy.AbstractAutoProxyCreator.postProcessAfterInitialization(AbstractAutoProxyCreator.java:318)
	at org.springframework.beans.factory.support.AbstractAutowireCapableBeanFactory.applyBeanPostProcessorsAfterInitialization(AbstractAutowireCapableBeanFactory.java:437)
	at org.springframework.beans.factory.support.AbstractAutowireCapableBeanFactory.initializeBean(AbstractAutowireCapableBeanFactory.java:1778)
	at org.springframework.beans.factory.support.AbstractAutowireCapableBeanFactory.doCreateBean(AbstractAutowireCapableBeanFactory.java:601)
	... 36 common frames omitted
*[INFO ]-- Starting Project1Application using Java 17.0.3.1 with PID 12760 (C:\Users\joshika.d\Downloads\project1\project1\target\classes started by joshika.d in C:\Users\joshika.d\Downloads\project1\project1)--
*[INFO ]-- No active profile set, falling back to 1 default profile: "default"--
*[INFO ]-- Starting service [Tomcat]--
*[INFO ]-- Starting Servlet engine: [Apache Tomcat/10.1.16]--
*[INFO ]-- Initializing Spring embedded WebApplicationContext--
*[INFO ]-- HikariPool-1 - Starting...--
*[INFO ]-- HikariPool-1 - Added connection conn0: url=jdbc:h2:file:/data/sb1 user=SA--
*[INFO ]-- HikariPool-1 - Start completed.--
*[INFO ]-- Started Project1Application in 4.346 seconds (process running for 4.738)--
*[INFO ]-- Initializing Spring DispatcherServlet 'dispatcherServlet'--
*[INFO ]-- Before method execution: CustomerController.getCustomerById(..)--
*[INFO ]-- Before method execution: CustomerServiceImpl.getCustomerById(..)--
*[INFO ]-- Before method execution: CrudRepository.findById(..)--
*[INFO ]-- After method execution: CrudRepository.findById(..)--
*[INFO ]-- After method execution: CustomerServiceImpl.getCustomerById(..)--
*[INFO ]-- After method execution: CustomerController.getCustomerById(..)--
*[INFO ]-- HikariPool-1 - Shutdown initiated...--
*[INFO ]-- HikariPool-1 - Shutdown completed.--
*[INFO ]-- Starting Project1Application using Java 17.0.3.1 with PID 16888 (C:\Users\joshika.d\Downloads\project1\project1\target\classes started by joshika.d in C:\Users\joshika.d\Downloads\project1\project1)--
*[INFO ]-- No active profile set, falling back to 1 default profile: "default"--
*[ERROR]-- Application run failed--
org.springframework.beans.factory.BeanCreationException: Error creating bean with name 'projectingArgumentResolverBeanPostProcessor' defined in class path resource [org/springframework/data/web/config/ProjectingArgumentResolverRegistrar.class]: BeanPostProcessor before instantiation of bean failed
	at org.springframework.beans.factory.support.AbstractAutowireCapableBeanFactory.createBean(AbstractAutowireCapableBeanFactory.java:518)
	at org.springframework.beans.factory.support.AbstractBeanFactory.lambda$doGetBean$0(AbstractBeanFactory.java:325)
	at org.springframework.beans.factory.support.DefaultSingletonBeanRegistry.getSingleton(DefaultSingletonBeanRegistry.java:234)
	at org.springframework.beans.factory.support.AbstractBeanFactory.doGetBean(AbstractBeanFactory.java:323)
	at org.springframework.beans.factory.support.AbstractBeanFactory.getBean(AbstractBeanFactory.java:204)
	at org.springframework.context.support.PostProcessorRegistrationDelegate.registerBeanPostProcessors(PostProcessorRegistrationDelegate.java:277)
	at org.springframework.context.support.AbstractApplicationContext.registerBeanPostProcessors(AbstractApplicationContext.java:792)
	at org.springframework.context.support.AbstractApplicationContext.refresh(AbstractApplicationContext.java:600)
	at org.springframework.boot.web.servlet.context.ServletWebServerApplicationContext.refresh(ServletWebServerApplicationContext.java:146)
	at org.springframework.boot.SpringApplication.refresh(SpringApplication.java:753)
	at org.springframework.boot.SpringApplication.refreshContext(SpringApplication.java:455)
	at org.springframework.boot.SpringApplication.run(SpringApplication.java:323)
	at org.springframework.boot.SpringApplication.run(SpringApplication.java:1342)
	at org.springframework.boot.SpringApplication.run(SpringApplication.java:1331)
	at com.kgisl.project1.Project1Application.main(Project1Application.java:18)
Caused by: org.springframework.beans.factory.BeanCreationException: Error creating bean with name 'org.springframework.transaction.annotation.ProxyTransactionManagementConfiguration': BeanPostProcessor before instantiation of bean failed
	at org.springframework.beans.factory.support.AbstractAutowireCapableBeanFactory.createBean(AbstractAutowireCapableBeanFactory.java:518)
	at org.springframework.beans.factory.support.AbstractBeanFactory.lambda$doGetBean$0(AbstractBeanFactory.java:325)
	at org.springframework.beans.factory.support.DefaultSingletonBeanRegistry.getSingleton(DefaultSingletonBeanRegistry.java:234)
	at org.springframework.beans.factory.support.AbstractBeanFactory.doGetBean(AbstractBeanFactory.java:323)
	at org.springframework.beans.factory.support.AbstractBeanFactory.getBean(AbstractBeanFactory.java:199)
	at org.springframework.beans.factory.support.ConstructorResolver.instantiateUsingFactoryMethod(ConstructorResolver.java:413)
	at org.springframework.beans.factory.support.AbstractAutowireCapableBeanFactory.instantiateUsingFactoryMethod(AbstractAutowireCapableBeanFactory.java:1336)
	at org.springframework.beans.factory.support.AbstractAutowireCapableBeanFactory.createBeanInstance(AbstractAutowireCapableBeanFactory.java:1166)
	at org.springframework.beans.factory.support.AbstractAutowireCapableBeanFactory.doCreateBean(AbstractAutowireCapableBeanFactory.java:563)
	at org.springframework.beans.factory.support.AbstractAutowireCapableBeanFactory.createBean(AbstractAutowireCapableBeanFactory.java:523)
	at org.springframework.beans.factory.support.AbstractBeanFactory.lambda$doGetBean$0(AbstractBeanFactory.java:325)
	at org.springframework.beans.factory.support.DefaultSingletonBeanRegistry.getSingleton(DefaultSingletonBeanRegistry.java:234)
	at org.springframework.beans.factory.support.AbstractBeanFactory.doGetBean(AbstractBeanFactory.java:323)
	at org.springframework.beans.factory.support.AbstractBeanFactory.getBean(AbstractBeanFactory.java:204)
	at org.springframework.aop.framework.autoproxy.BeanFactoryAdvisorRetrievalHelper.findAdvisorBeans(BeanFactoryAdvisorRetrievalHelper.java:91)
	at org.springframework.aop.framework.autoproxy.AbstractAdvisorAutoProxyCreator.findCandidateAdvisors(AbstractAdvisorAutoProxyCreator.java:111)
	at org.springframework.aop.aspectj.annotation.AnnotationAwareAspectJAutoProxyCreator.findCandidateAdvisors(AnnotationAwareAspectJAutoProxyCreator.java:92)
	at org.springframework.aop.aspectj.autoproxy.AspectJAwareAdvisorAutoProxyCreator.shouldSkip(AspectJAwareAdvisorAutoProxyCreator.java:101)
	at org.springframework.aop.framework.autoproxy.AbstractAutoProxyCreator.postProcessBeforeInstantiation(AbstractAutoProxyCreator.java:280)
	at org.springframework.beans.factory.support.AbstractAutowireCapableBeanFactory.applyBeanPostProcessorsBeforeInstantiation(AbstractAutowireCapableBeanFactory.java:1131)
	at org.springframework.beans.factory.support.AbstractAutowireCapableBeanFactory.resolveBeforeInstantiation(AbstractAutowireCapableBeanFactory.java:1106)
	at org.springframework.beans.factory.support.AbstractAutowireCapableBeanFactory.createBean(AbstractAutowireCapableBeanFactory.java:512)
	... 14 common frames omitted
Caused by: java.lang.IllegalArgumentException: @org.aspectj.lang.annotation.AfterThrowing(throwing="error", pointcut="", value="", argNames="execution(* com.kgisl.project1..*(..))") is not a valid AspectJ annotation
	at org.springframework.aop.aspectj.annotation.AbstractAspectJAdvisorFactory$AspectJAnnotation.<init>(AbstractAspectJAdvisorFactory.java:190)
	at org.springframework.aop.aspectj.annotation.AbstractAspectJAdvisorFactory.findAnnotation(AbstractAspectJAdvisorFactory.java:138)
	at org.springframework.aop.aspectj.annotation.AbstractAspectJAdvisorFactory.findAspectJAnnotationOnMethod(AbstractAspectJAdvisorFactory.java:126)
	at org.springframework.aop.aspectj.annotation.ReflectiveAspectJAdvisorFactory.lambda$static$1(ReflectiveAspectJAdvisorFactory.java:90)
	at org.springframework.core.convert.converter.ConvertingComparator.compare(ConvertingComparator.java:81)
	at java.base/java.util.Comparator.lambda$thenComparing$36697e65$1(Comparator.java:220)
	at java.base/java.util.TimSort.countRunAndMakeAscending(TimSort.java:355)
	at java.base/java.util.TimSort.sort(TimSort.java:220)
	at java.base/java.util.Arrays.sort(Arrays.java:1307)
	at java.base/java.util.ArrayList.sort(ArrayList.java:1721)
	at org.springframework.aop.aspectj.annotation.ReflectiveAspectJAdvisorFactory.getAdvisorMethods(ReflectiveAspectJAdvisorFactory.java:171)
	at org.springframework.aop.aspectj.annotation.ReflectiveAspectJAdvisorFactory.getAdvisors(ReflectiveAspectJAdvisorFactory.java:135)
	at org.springframework.aop.aspectj.annotation.BeanFactoryAspectJAdvisorsBuilder.buildAspectJAdvisors(BeanFactoryAspectJAdvisorsBuilder.java:110)
	at org.springframework.aop.aspectj.annotation.AnnotationAwareAspectJAutoProxyCreator.findCandidateAdvisors(AnnotationAwareAspectJAutoProxyCreator.java:95)
	at org.springframework.aop.aspectj.autoproxy.AspectJAwareAdvisorAutoProxyCreator.shouldSkip(AspectJAwareAdvisorAutoProxyCreator.java:101)
	at org.springframework.aop.framework.autoproxy.AbstractAutoProxyCreator.postProcessBeforeInstantiation(AbstractAutoProxyCreator.java:280)
	at org.springframework.beans.factory.support.AbstractAutowireCapableBeanFactory.applyBeanPostProcessorsBeforeInstantiation(AbstractAutowireCapableBeanFactory.java:1131)
	at org.springframework.beans.factory.support.AbstractAutowireCapableBeanFactory.resolveBeforeInstantiation(AbstractAutowireCapableBeanFactory.java:1106)
	at org.springframework.beans.factory.support.AbstractAutowireCapableBeanFactory.createBean(AbstractAutowireCapableBeanFactory.java:512)
	... 35 common frames omitted
Caused by: java.lang.IllegalStateException: Failed to resolve pointcut expression in: @org.aspectj.lang.annotation.AfterThrowing(throwing="error", pointcut="", value="", argNames="execution(* com.kgisl.project1..*(..))")
	at org.springframework.aop.aspectj.annotation.AbstractAspectJAdvisorFactory$AspectJAnnotation.resolvePointcutExpression(AbstractAspectJAdvisorFactory.java:209)
	at org.springframework.aop.aspectj.annotation.AbstractAspectJAdvisorFactory$AspectJAnnotation.<init>(AbstractAspectJAdvisorFactory.java:185)
	... 53 common frames omitted
*[INFO ]-- Starting Project1Application using Java 17.0.3.1 with PID 5152 (C:\Users\joshika.d\Downloads\project1\project1\target\classes started by joshika.d in C:\Users\joshika.d\Downloads\project1\project1)--
*[INFO ]-- No active profile set, falling back to 1 default profile: "default"--
*[INFO ]-- Starting service [Tomcat]--
*[INFO ]-- Starting Servlet engine: [Apache Tomcat/10.1.16]--
*[INFO ]-- Initializing Spring embedded WebApplicationContext--
*[INFO ]-- HikariPool-1 - Starting...--
*[INFO ]-- HikariPool-1 - Added connection conn0: url=jdbc:h2:file:/data/sb1 user=SA--
*[INFO ]-- HikariPool-1 - Start completed.--
*[INFO ]-- Started Project1Application in 4.22 seconds (process running for 4.589)--
*[INFO ]-- Initializing Spring DispatcherServlet 'dispatcherServlet'--
*[INFO ]-- Before method execution: CustomerController.getCustomerById(..)--
*[INFO ]-- Before method execution: CustomerServiceImpl.getCustomerById(..)--
*[INFO ]-- Before method execution: CrudRepository.findById(..)--
*[INFO ]-- After method execution: CrudRepository.findById(..)--
*[INFO ]-- After method execution: CustomerServiceImpl.getCustomerById(..)--
*[INFO ]-- After method execution: CustomerController.getCustomerById(..)--
*[INFO ]-- HikariPool-1 - Shutdown initiated...--
*[INFO ]-- HikariPool-1 - Shutdown completed.--
*[INFO ]-- Starting Project1Application using Java 17.0.3.1 with PID 2176 (C:\Users\joshika.d\Downloads\project1\project1\target\classes started by joshika.d in C:\Users\joshika.d\Downloads\project1\project1)--
*[INFO ]-- No active profile set, falling back to 1 default profile: "default"--
*[ERROR]-- Application run failed--
org.springframework.beans.factory.BeanCreationException: Error creating bean with name 'projectingArgumentResolverBeanPostProcessor' defined in class path resource [org/springframework/data/web/config/ProjectingArgumentResolverRegistrar.class]: BeanPostProcessor before instantiation of bean failed
	at org.springframework.beans.factory.support.AbstractAutowireCapableBeanFactory.createBean(AbstractAutowireCapableBeanFactory.java:518)
	at org.springframework.beans.factory.support.AbstractBeanFactory.lambda$doGetBean$0(AbstractBeanFactory.java:325)
	at org.springframework.beans.factory.support.DefaultSingletonBeanRegistry.getSingleton(DefaultSingletonBeanRegistry.java:234)
	at org.springframework.beans.factory.support.AbstractBeanFactory.doGetBean(AbstractBeanFactory.java:323)
	at org.springframework.beans.factory.support.AbstractBeanFactory.getBean(AbstractBeanFactory.java:204)
	at org.springframework.context.support.PostProcessorRegistrationDelegate.registerBeanPostProcessors(PostProcessorRegistrationDelegate.java:277)
	at org.springframework.context.support.AbstractApplicationContext.registerBeanPostProcessors(AbstractApplicationContext.java:792)
	at org.springframework.context.support.AbstractApplicationContext.refresh(AbstractApplicationContext.java:600)
	at org.springframework.boot.web.servlet.context.ServletWebServerApplicationContext.refresh(ServletWebServerApplicationContext.java:146)
	at org.springframework.boot.SpringApplication.refresh(SpringApplication.java:753)
	at org.springframework.boot.SpringApplication.refreshContext(SpringApplication.java:455)
	at org.springframework.boot.SpringApplication.run(SpringApplication.java:323)
	at org.springframework.boot.SpringApplication.run(SpringApplication.java:1342)
	at org.springframework.boot.SpringApplication.run(SpringApplication.java:1331)
	at com.kgisl.project1.Project1Application.main(Project1Application.java:18)
Caused by: org.springframework.beans.factory.BeanCreationException: Error creating bean with name 'org.springframework.transaction.annotation.ProxyTransactionManagementConfiguration': error at ::0 formal unbound in pointcut 
	at org.springframework.beans.factory.support.AbstractAutowireCapableBeanFactory.doCreateBean(AbstractAutowireCapableBeanFactory.java:608)
	at org.springframework.beans.factory.support.AbstractAutowireCapableBeanFactory.createBean(AbstractAutowireCapableBeanFactory.java:523)
	at org.springframework.beans.factory.support.AbstractBeanFactory.lambda$doGetBean$0(AbstractBeanFactory.java:325)
	at org.springframework.beans.factory.support.DefaultSingletonBeanRegistry.getSingleton(DefaultSingletonBeanRegistry.java:234)
	at org.springframework.beans.factory.support.AbstractBeanFactory.doGetBean(AbstractBeanFactory.java:323)
	at org.springframework.beans.factory.support.AbstractBeanFactory.getBean(AbstractBeanFactory.java:199)
	at org.springframework.beans.factory.support.ConstructorResolver.instantiateUsingFactoryMethod(ConstructorResolver.java:413)
	at org.springframework.beans.factory.support.AbstractAutowireCapableBeanFactory.instantiateUsingFactoryMethod(AbstractAutowireCapableBeanFactory.java:1336)
	at org.springframework.beans.factory.support.AbstractAutowireCapableBeanFactory.createBeanInstance(AbstractAutowireCapableBeanFactory.java:1166)
	at org.springframework.beans.factory.support.AbstractAutowireCapableBeanFactory.doCreateBean(AbstractAutowireCapableBeanFactory.java:563)
	at org.springframework.beans.factory.support.AbstractAutowireCapableBeanFactory.createBean(AbstractAutowireCapableBeanFactory.java:523)
	at org.springframework.beans.factory.support.AbstractBeanFactory.lambda$doGetBean$0(AbstractBeanFactory.java:325)
	at org.springframework.beans.factory.support.DefaultSingletonBeanRegistry.getSingleton(DefaultSingletonBeanRegistry.java:234)
	at org.springframework.beans.factory.support.AbstractBeanFactory.doGetBean(AbstractBeanFactory.java:323)
	at org.springframework.beans.factory.support.AbstractBeanFactory.getBean(AbstractBeanFactory.java:204)
	at org.springframework.aop.framework.autoproxy.BeanFactoryAdvisorRetrievalHelper.findAdvisorBeans(BeanFactoryAdvisorRetrievalHelper.java:91)
	at org.springframework.aop.framework.autoproxy.AbstractAdvisorAutoProxyCreator.findCandidateAdvisors(AbstractAdvisorAutoProxyCreator.java:111)
	at org.springframework.aop.aspectj.annotation.AnnotationAwareAspectJAutoProxyCreator.findCandidateAdvisors(AnnotationAwareAspectJAutoProxyCreator.java:92)
	at org.springframework.aop.aspectj.autoproxy.AspectJAwareAdvisorAutoProxyCreator.shouldSkip(AspectJAwareAdvisorAutoProxyCreator.java:101)
	at org.springframework.aop.framework.autoproxy.AbstractAutoProxyCreator.postProcessBeforeInstantiation(AbstractAutoProxyCreator.java:280)
	at org.springframework.beans.factory.support.AbstractAutowireCapableBeanFactory.applyBeanPostProcessorsBeforeInstantiation(AbstractAutowireCapableBeanFactory.java:1131)
	at org.springframework.beans.factory.support.AbstractAutowireCapableBeanFactory.resolveBeforeInstantiation(AbstractAutowireCapableBeanFactory.java:1106)
	at org.springframework.beans.factory.support.AbstractAutowireCapableBeanFactory.createBean(AbstractAutowireCapableBeanFactory.java:512)
	... 14 common frames omitted
Caused by: java.lang.IllegalArgumentException: error at ::0 formal unbound in pointcut 
	at org.aspectj.weaver.tools.PointcutParser.parsePointcutExpression(PointcutParser.java:319)
	at org.springframework.aop.aspectj.AspectJExpressionPointcut.buildPointcutExpression(AspectJExpressionPointcut.java:222)
	at org.springframework.aop.aspectj.AspectJExpressionPointcut.obtainPointcutExpression(AspectJExpressionPointcut.java:193)
	at org.springframework.aop.aspectj.AspectJExpressionPointcut.getClassFilter(AspectJExpressionPointcut.java:172)
	at org.springframework.aop.support.AopUtils.canApply(AopUtils.java:234)
	at org.springframework.aop.support.AopUtils.canApply(AopUtils.java:296)
	at org.springframework.aop.support.AopUtils.findAdvisorsThatCanApply(AopUtils.java:328)
	at org.springframework.aop.framework.autoproxy.AbstractAdvisorAutoProxyCreator.findAdvisorsThatCanApply(AbstractAdvisorAutoProxyCreator.java:128)
	at org.springframework.aop.framework.autoproxy.AbstractAdvisorAutoProxyCreator.findEligibleAdvisors(AbstractAdvisorAutoProxyCreator.java:97)
	at org.springframework.aop.framework.autoproxy.AbstractAdvisorAutoProxyCreator.getAdvicesAndAdvisorsForBean(AbstractAdvisorAutoProxyCreator.java:78)
	at org.springframework.aop.framework.autoproxy.AbstractAutoProxyCreator.wrapIfNecessary(AbstractAutoProxyCreator.java:366)
	at org.springframework.aop.framework.autoproxy.AbstractAutoProxyCreator.postProcessAfterInitialization(AbstractAutoProxyCreator.java:318)
	at org.springframework.beans.factory.support.AbstractAutowireCapableBeanFactory.applyBeanPostProcessorsAfterInitialization(AbstractAutowireCapableBeanFactory.java:437)
	at org.springframework.beans.factory.support.AbstractAutowireCapableBeanFactory.initializeBean(AbstractAutowireCapableBeanFactory.java:1778)
	at org.springframework.beans.factory.support.AbstractAutowireCapableBeanFactory.doCreateBean(AbstractAutowireCapableBeanFactory.java:601)
	... 36 common frames omitted
*[INFO ]-- Starting Project1Application using Java 17.0.3.1 with PID 15672 (C:\Users\joshika.d\Downloads\project1\project1\target\classes started by joshika.d in C:\Users\joshika.d\Downloads\project1\project1)--
*[INFO ]-- No active profile set, falling back to 1 default profile: "default"--
*[INFO ]-- Starting service [Tomcat]--
*[INFO ]-- Starting Servlet engine: [Apache Tomcat/10.1.16]--
*[INFO ]-- Initializing Spring embedded WebApplicationContext--
*[INFO ]-- HikariPool-1 - Starting...--
*[INFO ]-- HikariPool-1 - Added connection conn0: url=jdbc:h2:file:/data/sb1 user=SA--
*[INFO ]-- HikariPool-1 - Start completed.--
*[INFO ]-- Started Project1Application in 4.232 seconds (process running for 4.606)--
*[INFO ]-- Initializing Spring DispatcherServlet 'dispatcherServlet'--
*[INFO ]-- Before method execution: CustomerController.getCustomerById(..)--
*[INFO ]-- Before method execution: CustomerServiceImpl.getCustomerById(..)--
*[INFO ]-- Before method execution: CrudRepository.findById(..)--
*[INFO ]-- After method execution: CrudRepository.findById(..)--
*[INFO ]-- After method execution: CustomerServiceImpl.getCustomerById(..)--
*[INFO ]-- After method execution: CustomerController.getCustomerById(..)--
*[INFO ]-- HikariPool-1 - Shutdown initiated...--
*[INFO ]-- HikariPool-1 - Shutdown completed.--
*[INFO ]-- Starting Project1Application using Java 17.0.3.1 with PID 15528 (C:\Users\joshika.d\Downloads\project1\project1\target\classes started by joshika.d in C:\Users\joshika.d\Downloads\project1\project1)--
*[INFO ]-- No active profile set, falling back to 1 default profile: "default"--
*[ERROR]-- Application run failed--
org.springframework.beans.factory.BeanCreationException: Error creating bean with name 'projectingArgumentResolverBeanPostProcessor' defined in class path resource [org/springframework/data/web/config/ProjectingArgumentResolverRegistrar.class]: BeanPostProcessor before instantiation of bean failed
	at org.springframework.beans.factory.support.AbstractAutowireCapableBeanFactory.createBean(AbstractAutowireCapableBeanFactory.java:518)
	at org.springframework.beans.factory.support.AbstractBeanFactory.lambda$doGetBean$0(AbstractBeanFactory.java:325)
	at org.springframework.beans.factory.support.DefaultSingletonBeanRegistry.getSingleton(DefaultSingletonBeanRegistry.java:234)
	at org.springframework.beans.factory.support.AbstractBeanFactory.doGetBean(AbstractBeanFactory.java:323)
	at org.springframework.beans.factory.support.AbstractBeanFactory.getBean(AbstractBeanFactory.java:204)
	at org.springframework.context.support.PostProcessorRegistrationDelegate.registerBeanPostProcessors(PostProcessorRegistrationDelegate.java:277)
	at org.springframework.context.support.AbstractApplicationContext.registerBeanPostProcessors(AbstractApplicationContext.java:792)
	at org.springframework.context.support.AbstractApplicationContext.refresh(AbstractApplicationContext.java:600)
	at org.springframework.boot.web.servlet.context.ServletWebServerApplicationContext.refresh(ServletWebServerApplicationContext.java:146)
	at org.springframework.boot.SpringApplication.refresh(SpringApplication.java:753)
	at org.springframework.boot.SpringApplication.refreshContext(SpringApplication.java:455)
	at org.springframework.boot.SpringApplication.run(SpringApplication.java:323)
	at org.springframework.boot.SpringApplication.run(SpringApplication.java:1342)
	at org.springframework.boot.SpringApplication.run(SpringApplication.java:1331)
	at com.kgisl.project1.Project1Application.main(Project1Application.java:18)
Caused by: org.springframework.beans.factory.BeanCreationException: Error creating bean with name 'org.springframework.transaction.annotation.ProxyTransactionManagementConfiguration': warning no match for this type name: com.kgisl.project1.CustomerController [Xlint:invalidAbsoluteTypeName]
	at org.springframework.beans.factory.support.AbstractAutowireCapableBeanFactory.doCreateBean(AbstractAutowireCapableBeanFactory.java:608)
	at org.springframework.beans.factory.support.AbstractAutowireCapableBeanFactory.createBean(AbstractAutowireCapableBeanFactory.java:523)
	at org.springframework.beans.factory.support.AbstractBeanFactory.lambda$doGetBean$0(AbstractBeanFactory.java:325)
	at org.springframework.beans.factory.support.DefaultSingletonBeanRegistry.getSingleton(DefaultSingletonBeanRegistry.java:234)
	at org.springframework.beans.factory.support.AbstractBeanFactory.doGetBean(AbstractBeanFactory.java:323)
	at org.springframework.beans.factory.support.AbstractBeanFactory.getBean(AbstractBeanFactory.java:199)
	at org.springframework.beans.factory.support.ConstructorResolver.instantiateUsingFactoryMethod(ConstructorResolver.java:413)
	at org.springframework.beans.factory.support.AbstractAutowireCapableBeanFactory.instantiateUsingFactoryMethod(AbstractAutowireCapableBeanFactory.java:1336)
	at org.springframework.beans.factory.support.AbstractAutowireCapableBeanFactory.createBeanInstance(AbstractAutowireCapableBeanFactory.java:1166)
	at org.springframework.beans.factory.support.AbstractAutowireCapableBeanFactory.doCreateBean(AbstractAutowireCapableBeanFactory.java:563)
	at org.springframework.beans.factory.support.AbstractAutowireCapableBeanFactory.createBean(AbstractAutowireCapableBeanFactory.java:523)
	at org.springframework.beans.factory.support.AbstractBeanFactory.lambda$doGetBean$0(AbstractBeanFactory.java:325)
	at org.springframework.beans.factory.support.DefaultSingletonBeanRegistry.getSingleton(DefaultSingletonBeanRegistry.java:234)
	at org.springframework.beans.factory.support.AbstractBeanFactory.doGetBean(AbstractBeanFactory.java:323)
	at org.springframework.beans.factory.support.AbstractBeanFactory.getBean(AbstractBeanFactory.java:204)
	at org.springframework.aop.framework.autoproxy.BeanFactoryAdvisorRetrievalHelper.findAdvisorBeans(BeanFactoryAdvisorRetrievalHelper.java:91)
	at org.springframework.aop.framework.autoproxy.AbstractAdvisorAutoProxyCreator.findCandidateAdvisors(AbstractAdvisorAutoProxyCreator.java:111)
	at org.springframework.aop.aspectj.annotation.AnnotationAwareAspectJAutoProxyCreator.findCandidateAdvisors(AnnotationAwareAspectJAutoProxyCreator.java:92)
	at org.springframework.aop.aspectj.autoproxy.AspectJAwareAdvisorAutoProxyCreator.shouldSkip(AspectJAwareAdvisorAutoProxyCreator.java:101)
	at org.springframework.aop.framework.autoproxy.AbstractAutoProxyCreator.postProcessBeforeInstantiation(AbstractAutoProxyCreator.java:280)
	at org.springframework.beans.factory.support.AbstractAutowireCapableBeanFactory.applyBeanPostProcessorsBeforeInstantiation(AbstractAutowireCapableBeanFactory.java:1131)
	at org.springframework.beans.factory.support.AbstractAutowireCapableBeanFactory.resolveBeforeInstantiation(AbstractAutowireCapableBeanFactory.java:1106)
	at org.springframework.beans.factory.support.AbstractAutowireCapableBeanFactory.createBean(AbstractAutowireCapableBeanFactory.java:512)
	... 14 common frames omitted
Caused by: java.lang.IllegalArgumentException: warning no match for this type name: com.kgisl.project1.CustomerController [Xlint:invalidAbsoluteTypeName]
	at org.aspectj.weaver.tools.PointcutParser.parsePointcutExpression(PointcutParser.java:319)
	at org.springframework.aop.aspectj.AspectJExpressionPointcut.buildPointcutExpression(AspectJExpressionPointcut.java:222)
	at org.springframework.aop.aspectj.AspectJExpressionPointcut.obtainPointcutExpression(AspectJExpressionPointcut.java:193)
	at org.springframework.aop.aspectj.AspectJExpressionPointcut.getClassFilter(AspectJExpressionPointcut.java:172)
	at org.springframework.aop.support.AopUtils.canApply(AopUtils.java:234)
	at org.springframework.aop.support.AopUtils.canApply(AopUtils.java:296)
	at org.springframework.aop.support.AopUtils.findAdvisorsThatCanApply(AopUtils.java:328)
	at org.springframework.aop.framework.autoproxy.AbstractAdvisorAutoProxyCreator.findAdvisorsThatCanApply(AbstractAdvisorAutoProxyCreator.java:128)
	at org.springframework.aop.framework.autoproxy.AbstractAdvisorAutoProxyCreator.findEligibleAdvisors(AbstractAdvisorAutoProxyCreator.java:97)
	at org.springframework.aop.framework.autoproxy.AbstractAdvisorAutoProxyCreator.getAdvicesAndAdvisorsForBean(AbstractAdvisorAutoProxyCreator.java:78)
	at org.springframework.aop.framework.autoproxy.AbstractAutoProxyCreator.wrapIfNecessary(AbstractAutoProxyCreator.java:366)
	at org.springframework.aop.framework.autoproxy.AbstractAutoProxyCreator.postProcessAfterInitialization(AbstractAutoProxyCreator.java:318)
	at org.springframework.beans.factory.support.AbstractAutowireCapableBeanFactory.applyBeanPostProcessorsAfterInitialization(AbstractAutowireCapableBeanFactory.java:437)
	at org.springframework.beans.factory.support.AbstractAutowireCapableBeanFactory.initializeBean(AbstractAutowireCapableBeanFactory.java:1778)
	at org.springframework.beans.factory.support.AbstractAutowireCapableBeanFactory.doCreateBean(AbstractAutowireCapableBeanFactory.java:601)
	... 36 common frames omitted
*[INFO ]-- Starting Project1Application using Java 17.0.3.1 with PID 12228 (C:\Users\joshika.d\Downloads\project1\project1\target\classes started by joshika.d in C:\Users\joshika.d\Downloads\project1\project1)--
*[INFO ]-- No active profile set, falling back to 1 default profile: "default"--
*[INFO ]-- Starting service [Tomcat]--
*[INFO ]-- Starting Servlet engine: [Apache Tomcat/10.1.16]--
*[INFO ]-- Initializing Spring embedded WebApplicationContext--
*[INFO ]-- HikariPool-1 - Starting...--
*[INFO ]-- HikariPool-1 - Added connection conn0: url=jdbc:h2:file:/data/sb1 user=SA--
*[INFO ]-- HikariPool-1 - Start completed.--
*[INFO ]-- Started Project1Application in 4.214 seconds (process running for 4.585)--
*[INFO ]-- Initializing Spring DispatcherServlet 'dispatcherServlet'--
*[INFO ]-- Before method execution: CustomerController.getCustomerById(..)--
*[INFO ]-- Before method execution: CustomerServiceImpl.getCustomerById(..)--
*[INFO ]-- Before method execution: CrudRepository.findById(..)--
*[INFO ]-- After method execution: CrudRepository.findById(..)--
*[INFO ]-- After method execution: CustomerServiceImpl.getCustomerById(..)--
*[INFO ]-- After method execution: CustomerController.getCustomerById(..)--
*[INFO ]-- HikariPool-1 - Shutdown initiated...--
*[INFO ]-- HikariPool-1 - Shutdown completed.--
*[INFO ]-- Starting Project1Application using Java 17.0.3.1 with PID 19112 (C:\Users\joshika.d\Downloads\project1\project1\target\classes started by joshika.d in C:\Users\joshika.d\Downloads\project1\project1)--
*[INFO ]-- No active profile set, falling back to 1 default profile: "default"--
*[INFO ]-- Starting service [Tomcat]--
*[INFO ]-- Starting Servlet engine: [Apache Tomcat/10.1.16]--
*[INFO ]-- Initializing Spring embedded WebApplicationContext--
*[INFO ]-- HikariPool-1 - Starting...--
*[INFO ]-- HikariPool-1 - Added connection conn0: url=jdbc:h2:file:/data/sb1 user=SA--
*[INFO ]-- HikariPool-1 - Start completed.--
*[INFO ]-- Started Project1Application in 4.183 seconds (process running for 4.553)--
*[INFO ]-- Initializing Spring DispatcherServlet 'dispatcherServlet'--
*[INFO ]-- Before method execution: CustomerController.getCustomerById(..)--
*[INFO ]-- Before method execution: CustomerServiceImpl.getCustomerById(..)--
*[INFO ]-- Before method execution: CrudRepository.findById(..)--
*[INFO ]-- After method execution: CrudRepository.findById(..)--
*[INFO ]-- After method execution: CustomerServiceImpl.getCustomerById(..)--
*[INFO ]-- After method execution: CustomerController.getCustomerById(..)--
*[INFO ]-- HikariPool-1 - Shutdown initiated...--
*[INFO ]-- HikariPool-1 - Shutdown completed.--
*[INFO ]-- Starting Project1Application using Java 17.0.3.1 with PID 10164 (C:\Users\joshika.d\Downloads\project1\project1\target\classes started by joshika.d in C:\Users\joshika.d\Downloads\project1\project1)--
*[INFO ]-- No active profile set, falling back to 1 default profile: "default"--
*[INFO ]-- Starting service [Tomcat]--
*[INFO ]-- Starting Servlet engine: [Apache Tomcat/10.1.16]--
*[INFO ]-- Initializing Spring embedded WebApplicationContext--
*[INFO ]-- HikariPool-1 - Starting...--
*[INFO ]-- HikariPool-1 - Added connection conn0: url=jdbc:h2:file:/data/sb1 user=SA--
*[INFO ]-- HikariPool-1 - Start completed.--
*[INFO ]-- Started Project1Application in 4.226 seconds (process running for 4.595)--
*[INFO ]-- Initializing Spring DispatcherServlet 'dispatcherServlet'--
*[INFO ]-- Before method execution: CustomerController.getCustomerById(..)--
*[INFO ]-- Before method execution: CustomerServiceImpl.getCustomerById(..)--
*[INFO ]-- Before method execution: CrudRepository.findById(..)--
*[INFO ]-- After method execution: CrudRepository.findById(..)--
*[INFO ]-- After method execution: CustomerServiceImpl.getCustomerById(..)--
*[INFO ]-- After method execution: CustomerController.getCustomerById(..)--
*[INFO ]-- HikariPool-1 - Shutdown initiated...--
*[INFO ]-- HikariPool-1 - Shutdown completed.--
*[INFO ]-- Starting Project1Application using Java 17.0.3.1 with PID 768 (C:\Users\joshika.d\Downloads\project1\project1\target\classes started by joshika.d in C:\Users\joshika.d\Downloads\project1\project1)--
*[INFO ]-- No active profile set, falling back to 1 default profile: "default"--
*[INFO ]-- Starting service [Tomcat]--
*[INFO ]-- Starting Servlet engine: [Apache Tomcat/10.1.16]--
*[INFO ]-- Initializing Spring embedded WebApplicationContext--
*[INFO ]-- HikariPool-1 - Starting...--
*[INFO ]-- HikariPool-1 - Added connection conn0: url=jdbc:h2:file:/data/sb1 user=SA--
*[INFO ]-- HikariPool-1 - Start completed.--
*[INFO ]-- Started Project1Application in 4.189 seconds (process running for 4.571)--
*[INFO ]-- Initializing Spring DispatcherServlet 'dispatcherServlet'--
*[INFO ]-- Before method execution: CustomerController.getCustomerById(..)--
*[INFO ]-- Before method execution: CustomerServiceImpl.getCustomerById(..)--
*[INFO ]-- Before method execution: CrudRepository.findById(..)--
*[INFO ]-- After method execution: CrudRepository.findById(..)--
*[INFO ]-- After method execution: CustomerServiceImpl.getCustomerById(..)--
*[INFO ]-- After method execution: CustomerController.getCustomerById(..)--
*[INFO ]-- HikariPool-1 - Shutdown initiated...--
*[INFO ]-- HikariPool-1 - Shutdown completed.--
*[INFO ]-- Starting Project1Application using Java 17.0.3.1 with PID 11240 (C:\Users\joshika.d\Downloads\project1\project1\target\classes started by joshika.d in C:\Users\joshika.d\Downloads\project1\project1)--
*[INFO ]-- No active profile set, falling back to 1 default profile: "default"--
*[INFO ]-- Starting service [Tomcat]--
*[INFO ]-- Starting Servlet engine: [Apache Tomcat/10.1.16]--
*[INFO ]-- Initializing Spring embedded WebApplicationContext--
*[INFO ]-- HikariPool-1 - Starting...--
*[INFO ]-- HikariPool-1 - Added connection conn0: url=jdbc:h2:file:/data/sb1 user=SA--
*[INFO ]-- HikariPool-1 - Start completed.--
*[INFO ]-- Started Project1Application in 4.131 seconds (process running for 4.509)--
*[INFO ]-- Initializing Spring DispatcherServlet 'dispatcherServlet'--
*[INFO ]-- Before method execution: CustomerController.getCustomerById(..)--
*[INFO ]-- Before method execution: CustomerServiceImpl.getCustomerById(..)--
*[INFO ]-- Before method execution: CrudRepository.findById(..)--
*[INFO ]-- After method execution: CrudRepository.findById(..)--
*[INFO ]-- After method execution: CustomerServiceImpl.getCustomerById(..)--
*[INFO ]-- After method execution: CustomerController.getCustomerById(..)--
*[INFO ]-- HikariPool-1 - Shutdown initiated...--
*[INFO ]-- HikariPool-1 - Shutdown completed.--
*[INFO ]-- Starting Project1Application using Java 17.0.3.1 with PID 13400 (C:\Users\joshika.d\Downloads\project1\project1\target\classes started by joshika.d in C:\Users\joshika.d\Downloads\project1\project1)--
*[INFO ]-- No active profile set, falling back to 1 default profile: "default"--
*[INFO ]-- Starting service [Tomcat]--
*[INFO ]-- Starting Servlet engine: [Apache Tomcat/10.1.16]--
*[INFO ]-- Initializing Spring embedded WebApplicationContext--
*[INFO ]-- HikariPool-1 - Starting...--
*[INFO ]-- HikariPool-1 - Added connection conn0: url=jdbc:h2:file:/data/sb1 user=SA--
*[INFO ]-- HikariPool-1 - Start completed.--
*[INFO ]-- Started Project1Application in 4.11 seconds (process running for 4.488)--
*[INFO ]-- Initializing Spring DispatcherServlet 'dispatcherServlet'--
*[INFO ]-- Before method execution: CustomerController.getCustomerById(..)--
*[INFO ]-- Before method execution: CustomerServiceImpl.getCustomerById(..)--
*[INFO ]-- Before method execution: CrudRepository.findById(..)--
*[INFO ]-- After method execution: CrudRepository.findById(..)--
*[INFO ]-- After method execution: CustomerServiceImpl.getCustomerById(..)--
*[INFO ]-- After method execution: CustomerController.getCustomerById(..)--
*[INFO ]-- HikariPool-1 - Shutdown initiated...--
*[INFO ]-- HikariPool-1 - Shutdown completed.--
*[INFO ]-- Starting Project1Application using Java 17.0.3.1 with PID 10216 (C:\Users\joshika.d\Downloads\project1\project1\target\classes started by joshika.d in C:\Users\joshika.d\Downloads\project1\project1)--
*[INFO ]-- No active profile set, falling back to 1 default profile: "default"--
*[INFO ]-- Starting service [Tomcat]--
*[INFO ]-- Starting Servlet engine: [Apache Tomcat/10.1.16]--
*[INFO ]-- Initializing Spring embedded WebApplicationContext--
*[INFO ]-- HikariPool-1 - Starting...--
*[INFO ]-- HikariPool-1 - Added connection conn0: url=jdbc:h2:file:/data/sb1 user=SA--
*[INFO ]-- HikariPool-1 - Start completed.--
*[INFO ]-- Started Project1Application in 4.099 seconds (process running for 4.48)--
*[INFO ]-- Initializing Spring DispatcherServlet 'dispatcherServlet'--
*[INFO ]-- Before method execution: CustomerController.getCustomerById(..)--
*[INFO ]-- Before method execution: CustomerServiceImpl.getCustomerById(..)--
*[INFO ]-- Before method execution: CrudRepository.findById(..)--
*[INFO ]-- After method execution: CrudRepository.findById(..)--
*[INFO ]-- After method execution: CustomerServiceImpl.getCustomerById(..)--
*[INFO ]-- After method execution: CustomerController.getCustomerById(..)--
*[INFO ]-- HikariPool-1 - Shutdown initiated...--
*[INFO ]-- HikariPool-1 - Shutdown completed.--
*[INFO ]-- Starting Project1Application using Java 17.0.3.1 with PID 14204 (C:\Users\joshika.d\Downloads\project1\project1\target\classes started by joshika.d in C:\Users\joshika.d\Downloads\project1\project1)--
*[INFO ]-- No active profile set, falling back to 1 default profile: "default"--
*[INFO ]-- Starting service [Tomcat]--
*[INFO ]-- Starting Servlet engine: [Apache Tomcat/10.1.16]--
*[INFO ]-- Initializing Spring embedded WebApplicationContext--
*[INFO ]-- HikariPool-1 - Starting...--
*[INFO ]-- HikariPool-1 - Added connection conn0: url=jdbc:h2:file:/data/sb1 user=SA--
*[INFO ]-- HikariPool-1 - Start completed.--
*[INFO ]-- Started Project1Application in 4.292 seconds (process running for 4.716)--
*[INFO ]-- Initializing Spring DispatcherServlet 'dispatcherServlet'--
*[INFO ]-- Before method execution: CustomerController.getCustomerById(..)--
*[INFO ]-- Before method execution: CustomerServiceImpl.getCustomerById(..)--
*[INFO ]-- Before method execution: CrudRepository.findById(..)--
*[INFO ]-- After method execution: CrudRepository.findById(..)--
*[INFO ]-- After method execution: CustomerServiceImpl.getCustomerById(..)--
*[INFO ]-- After method execution: CustomerController.getCustomerById(..)--
*[INFO ]-- HikariPool-1 - Shutdown initiated...--
*[INFO ]-- HikariPool-1 - Shutdown completed.--
*[INFO ]-- Starting Project1Application using Java 17.0.3.1 with PID 3476 (C:\Users\joshika.d\Downloads\project1\project1\target\classes started by joshika.d in C:\Users\joshika.d\Downloads\project1\project1)--
*[INFO ]-- No active profile set, falling back to 1 default profile: "default"--
*[ERROR]-- Application run failed--
org.springframework.beans.factory.BeanCreationException: Error creating bean with name 'projectingArgumentResolverBeanPostProcessor' defined in class path resource [org/springframework/data/web/config/ProjectingArgumentResolverRegistrar.class]: BeanPostProcessor before instantiation of bean failed
	at org.springframework.beans.factory.support.AbstractAutowireCapableBeanFactory.createBean(AbstractAutowireCapableBeanFactory.java:518)
	at org.springframework.beans.factory.support.AbstractBeanFactory.lambda$doGetBean$0(AbstractBeanFactory.java:325)
	at org.springframework.beans.factory.support.DefaultSingletonBeanRegistry.getSingleton(DefaultSingletonBeanRegistry.java:234)
	at org.springframework.beans.factory.support.AbstractBeanFactory.doGetBean(AbstractBeanFactory.java:323)
	at org.springframework.beans.factory.support.AbstractBeanFactory.getBean(AbstractBeanFactory.java:204)
	at org.springframework.context.support.PostProcessorRegistrationDelegate.registerBeanPostProcessors(PostProcessorRegistrationDelegate.java:277)
	at org.springframework.context.support.AbstractApplicationContext.registerBeanPostProcessors(AbstractApplicationContext.java:792)
	at org.springframework.context.support.AbstractApplicationContext.refresh(AbstractApplicationContext.java:600)
	at org.springframework.boot.web.servlet.context.ServletWebServerApplicationContext.refresh(ServletWebServerApplicationContext.java:146)
	at org.springframework.boot.SpringApplication.refresh(SpringApplication.java:753)
	at org.springframework.boot.SpringApplication.refreshContext(SpringApplication.java:455)
	at org.springframework.boot.SpringApplication.run(SpringApplication.java:323)
	at org.springframework.boot.SpringApplication.run(SpringApplication.java:1342)
	at org.springframework.boot.SpringApplication.run(SpringApplication.java:1331)
	at com.kgisl.project1.Project1Application.main(Project1Application.java:18)
Caused by: org.springframework.beans.factory.BeanCreationException: Error creating bean with name 'org.springframework.transaction.annotation.ProxyTransactionManagementConfiguration': Pointcut is not well-formed: expecting 'name pattern' at character position 0
...
^^^

	at org.springframework.beans.factory.support.AbstractAutowireCapableBeanFactory.doCreateBean(AbstractAutowireCapableBeanFactory.java:608)
	at org.springframework.beans.factory.support.AbstractAutowireCapableBeanFactory.createBean(AbstractAutowireCapableBeanFactory.java:523)
	at org.springframework.beans.factory.support.AbstractBeanFactory.lambda$doGetBean$0(AbstractBeanFactory.java:325)
	at org.springframework.beans.factory.support.DefaultSingletonBeanRegistry.getSingleton(DefaultSingletonBeanRegistry.java:234)
	at org.springframework.beans.factory.support.AbstractBeanFactory.doGetBean(AbstractBeanFactory.java:323)
	at org.springframework.beans.factory.support.AbstractBeanFactory.getBean(AbstractBeanFactory.java:199)
	at org.springframework.beans.factory.support.ConstructorResolver.instantiateUsingFactoryMethod(ConstructorResolver.java:413)
	at org.springframework.beans.factory.support.AbstractAutowireCapableBeanFactory.instantiateUsingFactoryMethod(AbstractAutowireCapableBeanFactory.java:1336)
	at org.springframework.beans.factory.support.AbstractAutowireCapableBeanFactory.createBeanInstance(AbstractAutowireCapableBeanFactory.java:1166)
	at org.springframework.beans.factory.support.AbstractAutowireCapableBeanFactory.doCreateBean(AbstractAutowireCapableBeanFactory.java:563)
	at org.springframework.beans.factory.support.AbstractAutowireCapableBeanFactory.createBean(AbstractAutowireCapableBeanFactory.java:523)
	at org.springframework.beans.factory.support.AbstractBeanFactory.lambda$doGetBean$0(AbstractBeanFactory.java:325)
	at org.springframework.beans.factory.support.DefaultSingletonBeanRegistry.getSingleton(DefaultSingletonBeanRegistry.java:234)
	at org.springframework.beans.factory.support.AbstractBeanFactory.doGetBean(AbstractBeanFactory.java:323)
	at org.springframework.beans.factory.support.AbstractBeanFactory.getBean(AbstractBeanFactory.java:204)
	at org.springframework.aop.framework.autoproxy.BeanFactoryAdvisorRetrievalHelper.findAdvisorBeans(BeanFactoryAdvisorRetrievalHelper.java:91)
	at org.springframework.aop.framework.autoproxy.AbstractAdvisorAutoProxyCreator.findCandidateAdvisors(AbstractAdvisorAutoProxyCreator.java:111)
	at org.springframework.aop.aspectj.annotation.AnnotationAwareAspectJAutoProxyCreator.findCandidateAdvisors(AnnotationAwareAspectJAutoProxyCreator.java:92)
	at org.springframework.aop.aspectj.autoproxy.AspectJAwareAdvisorAutoProxyCreator.shouldSkip(AspectJAwareAdvisorAutoProxyCreator.java:101)
	at org.springframework.aop.framework.autoproxy.AbstractAutoProxyCreator.postProcessBeforeInstantiation(AbstractAutoProxyCreator.java:280)
	at org.springframework.beans.factory.support.AbstractAutowireCapableBeanFactory.applyBeanPostProcessorsBeforeInstantiation(AbstractAutowireCapableBeanFactory.java:1131)
	at org.springframework.beans.factory.support.AbstractAutowireCapableBeanFactory.resolveBeforeInstantiation(AbstractAutowireCapableBeanFactory.java:1106)
	at org.springframework.beans.factory.support.AbstractAutowireCapableBeanFactory.createBean(AbstractAutowireCapableBeanFactory.java:512)
	... 14 common frames omitted
Caused by: java.lang.IllegalArgumentException: Pointcut is not well-formed: expecting 'name pattern' at character position 0
...
^^^

	at org.aspectj.weaver.tools.PointcutParser.resolvePointcutExpression(PointcutParser.java:334)
	at org.aspectj.weaver.tools.PointcutParser.parsePointcutExpression(PointcutParser.java:312)
	at org.springframework.aop.aspectj.AspectJExpressionPointcut.buildPointcutExpression(AspectJExpressionPointcut.java:222)
	at org.springframework.aop.aspectj.AspectJExpressionPointcut.obtainPointcutExpression(AspectJExpressionPointcut.java:193)
	at org.springframework.aop.aspectj.AspectJExpressionPointcut.getClassFilter(AspectJExpressionPointcut.java:172)
	at org.springframework.aop.support.AopUtils.canApply(AopUtils.java:234)
	at org.springframework.aop.support.AopUtils.canApply(AopUtils.java:296)
	at org.springframework.aop.support.AopUtils.findAdvisorsThatCanApply(AopUtils.java:328)
	at org.springframework.aop.framework.autoproxy.AbstractAdvisorAutoProxyCreator.findAdvisorsThatCanApply(AbstractAdvisorAutoProxyCreator.java:128)
	at org.springframework.aop.framework.autoproxy.AbstractAdvisorAutoProxyCreator.findEligibleAdvisors(AbstractAdvisorAutoProxyCreator.java:97)
	at org.springframework.aop.framework.autoproxy.AbstractAdvisorAutoProxyCreator.getAdvicesAndAdvisorsForBean(AbstractAdvisorAutoProxyCreator.java:78)
	at org.springframework.aop.framework.autoproxy.AbstractAutoProxyCreator.wrapIfNecessary(AbstractAutoProxyCreator.java:366)
	at org.springframework.aop.framework.autoproxy.AbstractAutoProxyCreator.postProcessAfterInitialization(AbstractAutoProxyCreator.java:318)
	at org.springframework.beans.factory.support.AbstractAutowireCapableBeanFactory.applyBeanPostProcessorsAfterInitialization(AbstractAutowireCapableBeanFactory.java:437)
	at org.springframework.beans.factory.support.AbstractAutowireCapableBeanFactory.initializeBean(AbstractAutowireCapableBeanFactory.java:1778)
	at org.springframework.beans.factory.support.AbstractAutowireCapableBeanFactory.doCreateBean(AbstractAutowireCapableBeanFactory.java:601)
	... 36 common frames omitted
*[INFO ]-- Starting Project1Application using Java 17.0.3.1 with PID 12592 (C:\Users\joshika.d\Downloads\project1\project1\target\classes started by joshika.d in C:\Users\joshika.d\Downloads\project1\project1)--
*[INFO ]-- No active profile set, falling back to 1 default profile: "default"--
*[INFO ]-- Starting service [Tomcat]--
*[INFO ]-- Starting Servlet engine: [Apache Tomcat/10.1.16]--
*[INFO ]-- Initializing Spring embedded WebApplicationContext--
*[INFO ]-- HikariPool-1 - Starting...--
*[INFO ]-- HikariPool-1 - Added connection conn0: url=jdbc:h2:file:/data/sb1 user=SA--
*[INFO ]-- HikariPool-1 - Start completed.--
*[INFO ]-- Started Project1Application in 4.154 seconds (process running for 4.529)--
*[INFO ]-- Initializing Spring DispatcherServlet 'dispatcherServlet'--
*[INFO ]-- Before method execution: CustomerController.getCustomerById(..)--
*[INFO ]-- Before method execution: CustomerServiceImpl.getCustomerById(..)--
*[INFO ]-- Before method execution: CrudRepository.findById(..)--
*[INFO ]-- After method execution: CrudRepository.findById(..)--
*[INFO ]-- After method execution: CustomerServiceImpl.getCustomerById(..)--
*[INFO ]-- After method execution: CustomerController.getCustomerById(..)--
*[INFO ]-- Init duration for springdoc-openapi is: 149 ms--
*[INFO ]-- Before method execution: CustomerController.deleteCustomer(..)--
*[INFO ]-- Before method execution: CustomerServiceImpl.getCustomerById(..)--
*[INFO ]-- Before method execution: CrudRepository.findById(..)--
*[INFO ]-- After method execution: CrudRepository.findById(..)--
*[INFO ]-- After method execution: CustomerServiceImpl.getCustomerById(..)--
*[INFO ]-- After method execution: CustomerController.deleteCustomer(..)--
*[INFO ]-- HikariPool-1 - Shutdown initiated...--
*[INFO ]-- HikariPool-1 - Shutdown completed.--
*[INFO ]-- Starting Project1Application using Java 17.0.3.1 with PID 10152 (C:\Users\joshika.d\Downloads\project1\project1\target\classes started by joshika.d in C:\Users\joshika.d\Downloads\project1\project1)--
*[INFO ]-- No active profile set, falling back to 1 default profile: "default"--
*[INFO ]-- Starting service [Tomcat]--
*[INFO ]-- Starting Servlet engine: [Apache Tomcat/10.1.16]--
*[INFO ]-- Initializing Spring embedded WebApplicationContext--
*[INFO ]-- HikariPool-1 - Starting...--
*[INFO ]-- HikariPool-1 - Added connection conn0: url=jdbc:h2:file:/data/sb1 user=SA--
*[INFO ]-- HikariPool-1 - Start completed.--
*[INFO ]-- Started Project1Application in 4.266 seconds (process running for 4.639)--
*[INFO ]-- Initializing Spring DispatcherServlet 'dispatcherServlet'--
*[INFO ]-- Before method execution: CustomerController.deleteCustomer(..)--
*[INFO ]-- Before method execution: CustomerServiceImpl.getCustomerById(..)--
*[INFO ]-- Before method execution: CrudRepository.findById(..)--
*[INFO ]-- After method execution: CrudRepository.findById(..)--
*[INFO ]-- After method execution: CustomerServiceImpl.getCustomerById(..)--
*[INFO ]-- After method execution: CustomerController.deleteCustomer(..)--
*[INFO ]-- HikariPool-1 - Shutdown initiated...--
*[INFO ]-- HikariPool-1 - Shutdown completed.--
*[INFO ]-- Starting Project1Application using Java 17.0.3.1 with PID 17644 (C:\Users\joshika.d\Downloads\project1\project1\target\classes started by joshika.d in C:\Users\joshika.d\Downloads\project1\project1)--
*[INFO ]-- No active profile set, falling back to 1 default profile: "default"--
*[INFO ]-- Starting service [Tomcat]--
*[INFO ]-- Starting Servlet engine: [Apache Tomcat/10.1.16]--
*[INFO ]-- Initializing Spring embedded WebApplicationContext--
*[INFO ]-- HikariPool-1 - Starting...--
*[INFO ]-- HikariPool-1 - Added connection conn0: url=jdbc:h2:file:/data/sb1 user=SA--
*[INFO ]-- HikariPool-1 - Start completed.--
*[INFO ]-- Started Project1Application in 4.355 seconds (process running for 4.722)--
*[INFO ]-- Initializing Spring DispatcherServlet 'dispatcherServlet'--
*[INFO ]-- Before method execution: CustomerController.deleteCustomer(..)--
*[INFO ]-- Before method execution: CustomerServiceImpl.getCustomerById(..)--
*[INFO ]-- Before method execution: CrudRepository.findById(..)--
*[INFO ]-- After method execution: CrudRepository.findById(..)--
*[INFO ]-- After method execution: CustomerServiceImpl.getCustomerById(..)--
*[INFO ]-- After method execution: CustomerController.deleteCustomer(..)--
*[INFO ]-- HikariPool-1 - Shutdown initiated...--
*[INFO ]-- HikariPool-1 - Shutdown completed.--
*[INFO ]-- Starting Project1Application using Java 17.0.3.1 with PID 11696 (C:\Users\joshika.d\Downloads\project1\project1\target\classes started by joshika.d in C:\Users\joshika.d\Downloads\project1\project1)--
*[INFO ]-- No active profile set, falling back to 1 default profile: "default"--
*[INFO ]-- Starting service [Tomcat]--
*[INFO ]-- Starting Servlet engine: [Apache Tomcat/10.1.16]--
*[INFO ]-- Initializing Spring embedded WebApplicationContext--
*[INFO ]-- HikariPool-1 - Starting...--
*[INFO ]-- HikariPool-1 - Added connection conn0: url=jdbc:h2:file:/data/sb1 user=SA--
*[INFO ]-- HikariPool-1 - Start completed.--
*[INFO ]-- Started Project1Application in 4.172 seconds (process running for 4.539)--
*[INFO ]-- Initializing Spring DispatcherServlet 'dispatcherServlet'--
*[INFO ]-- Before method execution: CustomerController.deleteCustomer(..)--
*[INFO ]-- Before method execution: CustomerServiceImpl.getCustomerById(..)--
*[INFO ]-- Before method execution: CrudRepository.findById(..)--
*[INFO ]-- After method execution: CrudRepository.findById(..)--
*[INFO ]-- After method execution: CustomerServiceImpl.getCustomerById(..)--
*[INFO ]-- After method execution: CustomerController.deleteCustomer(..)--
*[INFO ]-- HikariPool-1 - Shutdown initiated...--
*[INFO ]-- HikariPool-1 - Shutdown completed.--
*[INFO ]-- Starting Project1Application using Java 17.0.3.1 with PID 10160 (C:\Users\joshika.d\Downloads\project1\project1\target\classes started by joshika.d in C:\Users\joshika.d\Downloads\project1\project1)--
*[INFO ]-- No active profile set, falling back to 1 default profile: "default"--
*[INFO ]-- Starting service [Tomcat]--
*[INFO ]-- Starting Servlet engine: [Apache Tomcat/10.1.16]--
*[INFO ]-- Initializing Spring embedded WebApplicationContext--
*[INFO ]-- HikariPool-1 - Starting...--
*[INFO ]-- HikariPool-1 - Added connection conn0: url=jdbc:h2:file:/data/sb1 user=SA--
*[INFO ]-- HikariPool-1 - Start completed.--
*[INFO ]-- Started Project1Application in 4.13 seconds (process running for 4.5)--
*[INFO ]-- Initializing Spring DispatcherServlet 'dispatcherServlet'--
*[INFO ]-- Before method execution: CustomerController.deleteCustomer(..)--
*[INFO ]-- Before method execution: CustomerServiceImpl.getCustomerById(..)--
*[INFO ]-- Before method execution: CrudRepository.findById(..)--
*[INFO ]-- After method execution: CrudRepository.findById(..)--
*[INFO ]-- After method execution: CustomerServiceImpl.getCustomerById(..)--
*[INFO ]-- After method execution: CustomerController.deleteCustomer(..)--
*[INFO ]-- HikariPool-1 - Shutdown initiated...--
*[INFO ]-- HikariPool-1 - Shutdown completed.--
*[INFO ]-- Starting Project1Application using Java 17.0.3.1 with PID 12352 (C:\Users\joshika.d\Downloads\project1\project1\target\classes started by joshika.d in C:\Users\joshika.d\Downloads\project1\project1)--
*[INFO ]-- No active profile set, falling back to 1 default profile: "default"--
*[DEBUG]-- Found AspectJ method: public void com.kgisl.project1.LoggingAspect.logBefore(org.aspectj.lang.JoinPoint)--
*[DEBUG]-- Found AspectJ method: public void com.kgisl.project1.LoggingAspect.logAfter(org.aspectj.lang.JoinPoint)--
*[DEBUG]-- Found AspectJ method: public void com.kgisl.project1.LoggingAspect.logAfterThrowing(org.aspectj.lang.JoinPoint,java.lang.Exception)--
*[INFO ]-- Starting service [Tomcat]--
*[INFO ]-- Starting Servlet engine: [Apache Tomcat/10.1.16]--
*[INFO ]-- Initializing Spring embedded WebApplicationContext--
*[INFO ]-- HikariPool-1 - Starting...--
*[INFO ]-- HikariPool-1 - Added connection conn0: url=jdbc:h2:file:/data/sb1 user=SA--
*[INFO ]-- HikariPool-1 - Start completed.--
*[INFO ]-- Started Project1Application in 4.263 seconds (process running for 4.637)--
*[INFO ]-- Initializing Spring DispatcherServlet 'dispatcherServlet'--
*[INFO ]-- Before method execution: CustomerController.deleteCustomer(..)--
*[INFO ]-- Before method execution: CustomerServiceImpl.getCustomerById(..)--
*[INFO ]-- Before method execution: CrudRepository.findById(..)--
*[INFO ]-- After method execution: CrudRepository.findById(..)--
*[INFO ]-- After method execution: CustomerServiceImpl.getCustomerById(..)--
*[INFO ]-- After method execution: CustomerController.deleteCustomer(..)--
*[INFO ]-- HikariPool-1 - Shutdown initiated...--
*[INFO ]-- HikariPool-1 - Shutdown completed.--
*[INFO ]-- Starting Project1Application using Java 17.0.3.1 with PID 15388 (C:\Users\joshika.d\Downloads\project1\project1\target\classes started by joshika.d in C:\Users\joshika.d\Downloads\project1\project1)--
*[INFO ]-- No active profile set, falling back to 1 default profile: "default"--
*[DEBUG]-- Found AspectJ method: public void com.kgisl.project1.LoggingAspect.logBefore(org.aspectj.lang.JoinPoint)--
*[DEBUG]-- Found AspectJ method: public void com.kgisl.project1.LoggingAspect.logAfter(org.aspectj.lang.JoinPoint)--
*[DEBUG]-- Found AspectJ method: public void com.kgisl.project1.LoggingAspect.logAfterThrowing(org.aspectj.lang.JoinPoint,java.lang.Exception)--
*[INFO ]-- Starting service [Tomcat]--
*[INFO ]-- Starting Servlet engine: [Apache Tomcat/10.1.16]--
*[INFO ]-- Initializing Spring embedded WebApplicationContext--
*[INFO ]-- HikariPool-1 - Starting...--
*[INFO ]-- HikariPool-1 - Added connection conn0: url=jdbc:h2:file:/data/sb1 user=SA--
*[INFO ]-- HikariPool-1 - Start completed.--
*[INFO ]-- Started Project1Application in 4.224 seconds (process running for 4.598)--
*[INFO ]-- Initializing Spring DispatcherServlet 'dispatcherServlet'--
*[INFO ]-- Init duration for springdoc-openapi is: 168 ms--
*[INFO ]-- Before method execution: CustomerController.getCustomerById(..)--
*[INFO ]-- Before method execution: CustomerServiceImpl.getCustomerById(..)--
*[INFO ]-- Before method execution: CrudRepository.findById(..)--
*[INFO ]-- After method execution: CrudRepository.findById(..)--
*[INFO ]-- After method execution: CustomerServiceImpl.getCustomerById(..)--
*[INFO ]-- After method execution: CustomerController.getCustomerById(..)--
*[INFO ]-- HikariPool-1 - Shutdown initiated...--
*[INFO ]-- HikariPool-1 - Shutdown completed.--
*[INFO ]-- Starting Project1Application using Java 17.0.3.1 with PID 14368 (C:\Users\joshika.d\Downloads\project1\project1\target\classes started by joshika.d in C:\Users\joshika.d\Downloads\project1\project1)--
*[INFO ]-- No active profile set, falling back to 1 default profile: "default"--
*[DEBUG]-- Found AspectJ method: public void com.kgisl.project1.LoggingAspect.logBefore(org.aspectj.lang.JoinPoint)--
*[DEBUG]-- Found AspectJ method: public void com.kgisl.project1.LoggingAspect.logAfter(org.aspectj.lang.JoinPoint)--
*[DEBUG]-- Found AspectJ method: public void com.kgisl.project1.LoggingAspect.logAfterThrowing(org.aspectj.lang.JoinPoint,java.lang.Exception)--
*[INFO ]-- Starting service [Tomcat]--
*[INFO ]-- Starting Servlet engine: [Apache Tomcat/10.1.16]--
*[INFO ]-- Initializing Spring embedded WebApplicationContext--
*[INFO ]-- HikariPool-1 - Starting...--
*[INFO ]-- HikariPool-1 - Added connection conn0: url=jdbc:h2:file:/data/sb1 user=SA--
*[INFO ]-- HikariPool-1 - Start completed.--
*[INFO ]-- Started Project1Application in 4.286 seconds (process running for 4.686)--
*[INFO ]-- Initializing Spring DispatcherServlet 'dispatcherServlet'--
*[INFO ]-- Before method execution: CustomerController.getCustomerById(..)--
*[INFO ]-- Before method execution: CustomerServiceImpl.getCustomerById(..)--
*[INFO ]-- Before method execution: CrudRepository.findById(..)--
*[INFO ]-- After method execution: CrudRepository.findById(..)--
*[INFO ]-- After method execution: CustomerServiceImpl.getCustomerById(..)--
*[INFO ]-- After method execution: CustomerController.getCustomerById(..)--
*[INFO ]-- HikariPool-1 - Shutdown initiated...--
*[INFO ]-- HikariPool-1 - Shutdown completed.--
*[INFO ]-- Starting Project1Application using Java 17.0.3.1 with PID 18600 (C:\Users\joshika.d\Downloads\project1\project1\target\classes started by joshika.d in C:\Users\joshika.d\Downloads\project1\project1)--
*[INFO ]-- No active profile set, falling back to 1 default profile: "default"--
*[DEBUG]-- Found AspectJ method: public void com.kgisl.project1.LoggingAspect.logBefore(org.aspectj.lang.JoinPoint)--
*[DEBUG]-- Found AspectJ method: public void com.kgisl.project1.LoggingAspect.logAfter(org.aspectj.lang.JoinPoint)--
*[DEBUG]-- Found AspectJ method: public void com.kgisl.project1.LoggingAspect.logAfterThrowing(org.aspectj.lang.JoinPoint,java.lang.Exception)--
*[INFO ]-- Starting service [Tomcat]--
*[INFO ]-- Starting Servlet engine: [Apache Tomcat/10.1.16]--
*[INFO ]-- Initializing Spring embedded WebApplicationContext--
*[INFO ]-- HikariPool-1 - Starting...--
*[INFO ]-- HikariPool-1 - Added connection conn0: url=jdbc:h2:file:/data/sb1 user=SA--
*[INFO ]-- HikariPool-1 - Start completed.--
*[INFO ]-- Started Project1Application in 4.186 seconds (process running for 4.557)--
*[INFO ]-- Initializing Spring DispatcherServlet 'dispatcherServlet'--
*[INFO ]-- Before method execution: CustomerController.getCustomerById(..)--
*[INFO ]-- Before method execution: CustomerServiceImpl.getCustomerById(..)--
*[INFO ]-- Before method execution: CrudRepository.findById(..)--
*[INFO ]-- After method execution: CrudRepository.findById(..)--
*[INFO ]-- After method execution: CustomerServiceImpl.getCustomerById(..)--
*[INFO ]-- After method execution: CustomerController.getCustomerById(..)--
*[INFO ]-- HikariPool-1 - Shutdown initiated...--
*[INFO ]-- HikariPool-1 - Shutdown completed.--
*[INFO ]-- Starting Project1Application using Java 17.0.3.1 with PID 12964 (C:\Users\joshika.d\Downloads\project1\project1\target\classes started by joshika.d in C:\Users\joshika.d\Downloads\project1\project1)--
*[INFO ]-- No active profile set, falling back to 1 default profile: "default"--
*[DEBUG]-- Found AspectJ method: public void com.kgisl.project1.LoggingAspect.logBefore(org.aspectj.lang.JoinPoint)--
*[DEBUG]-- Found AspectJ method: public void com.kgisl.project1.LoggingAspect.logAfter(org.aspectj.lang.JoinPoint)--
*[DEBUG]-- Found AspectJ method: public void com.kgisl.project1.LoggingAspect.logAfterThrowing(org.aspectj.lang.JoinPoint,java.lang.Exception)--
*[INFO ]-- Starting service [Tomcat]--
*[INFO ]-- Starting Servlet engine: [Apache Tomcat/10.1.16]--
*[INFO ]-- Initializing Spring embedded WebApplicationContext--
*[INFO ]-- HikariPool-1 - Starting...--
*[INFO ]-- HikariPool-1 - Added connection conn0: url=jdbc:h2:file:/data/sb1 user=SA--
*[INFO ]-- HikariPool-1 - Start completed.--
*[INFO ]-- Started Project1Application in 4.127 seconds (process running for 4.508)--
*[INFO ]-- Initializing Spring DispatcherServlet 'dispatcherServlet'--
*[INFO ]-- Before method execution: CustomerController.getCustomerById(..)--
*[INFO ]-- Before method execution: CustomerServiceImpl.getCustomerById(..)--
*[INFO ]-- Before method execution: CrudRepository.findById(..)--
*[INFO ]-- After method execution: CrudRepository.findById(..)--
*[INFO ]-- After method execution: CustomerServiceImpl.getCustomerById(..)--
*[INFO ]-- After method execution: CustomerController.getCustomerById(..)--
