2023-12-07T09:21:48.276+05:30  INFO 9064 --- [main] c.k.SpringQuery.SpringQueryApplication   : Starting SpringQueryApplication using Java 17.0.3.1 with PID 9064 (C:\Users\joshika.d\Downloads\SpringQuery\SpringQuery\target\classes started by joshika.d in C:\Users\joshika.d\Downloads\SpringQuery\SpringQuery)
2023-12-07T09:21:48.292+05:30  INFO 9064 --- [main] c.k.SpringQuery.SpringQueryApplication   : No active profile set, falling back to 1 default profile: "default"
2023-12-07T09:21:49.442+05:30  INFO 9064 --- [main] o.apache.catalina.core.StandardService   : Starting service [Tomcat]
2023-12-07T09:21:49.442+05:30  INFO 9064 --- [main] o.apache.catalina.core.StandardEngine    : Starting Servlet engine: [Apache Tomcat/10.1.16]
2023-12-07T09:21:49.676+05:30  INFO 9064 --- [main] o.a.c.c.C.[Tomcat].[localhost].[/]       : Initializing Spring embedded WebApplicationContext
2023-12-07T09:21:50.108+05:30  INFO 9064 --- [main] com.zaxxer.hikari.HikariDataSource       : HikariPool-1 - Starting...
2023-12-07T09:21:50.305+05:30  INFO 9064 --- [main] com.zaxxer.hikari.pool.HikariPool        : HikariPool-1 - Added connection conn0: url=jdbc:h2:file:/data/sb1 user=SA
2023-12-07T09:21:50.305+05:30  INFO 9064 --- [main] com.zaxxer.hikari.HikariDataSource       : HikariPool-1 - Start completed.
2023-12-07T09:21:51.715+05:30  INFO 9064 --- [main] c.k.SpringQuery.SpringQueryApplication   : Started SpringQueryApplication in 3.966 seconds (process running for 4.525)
2023-12-07T09:41:21.168+05:30  INFO 9064 --- [http-nio-8080-exec-8] o.a.c.c.C.[Tomcat].[localhost].[/]       : Initializing Spring DispatcherServlet 'dispatcherServlet'
2023-12-07T12:10:48.386+05:30  INFO 10900 --- [main] c.k.SpringQuery.SpringQueryApplication   : Starting SpringQueryApplication using Java 17.0.3.1 with PID 10900 (C:\Users\joshika.d\Downloads\SpringQuery\SpringQuery\target\classes started by joshika.d in C:\Users\joshika.d\Downloads\SpringQuery\SpringQuery)
2023-12-07T12:10:48.388+05:30  INFO 10900 --- [main] c.k.SpringQuery.SpringQueryApplication   : No active profile set, falling back to 1 default profile: "default"
2023-12-07T12:10:49.325+05:30  INFO 10900 --- [main] o.apache.catalina.core.StandardService   : Starting service [Tomcat]
2023-12-07T12:10:49.326+05:30  INFO 10900 --- [main] o.apache.catalina.core.StandardEngine    : Starting Servlet engine: [Apache Tomcat/10.1.16]
2023-12-07T12:10:49.385+05:30  INFO 10900 --- [main] o.a.c.c.C.[Tomcat].[localhost].[/]       : Initializing Spring embedded WebApplicationContext
2023-12-07T12:10:49.802+05:30  INFO 10900 --- [main] com.zaxxer.hikari.HikariDataSource       : HikariPool-1 - Starting...
2023-12-07T12:10:49.999+05:30  INFO 10900 --- [main] com.zaxxer.hikari.pool.HikariPool        : HikariPool-1 - Added connection conn0: url=jdbc:h2:file:/data/sb1 user=SA
2023-12-07T12:10:50.001+05:30  INFO 10900 --- [main] com.zaxxer.hikari.HikariDataSource       : HikariPool-1 - Start completed.
2023-12-07T12:10:51.325+05:30  INFO 10900 --- [main] c.k.SpringQuery.SpringQueryApplication   : Started SpringQueryApplication in 3.364 seconds (process running for 3.685)
2023-12-07T12:11:26.948+05:30  INFO 10900 --- [http-nio-8080-exec-1] o.a.c.c.C.[Tomcat].[localhost].[/]       : Initializing Spring DispatcherServlet 'dispatcherServlet'
2023-12-07T12:15:55.630+05:30  INFO 10900 --- [SpringApplicationShutdownHook] com.zaxxer.hikari.HikariDataSource       : HikariPool-1 - Shutdown initiated...
2023-12-07T12:15:55.630+05:30  INFO 10900 --- [SpringApplicationShutdownHook] com.zaxxer.hikari.HikariDataSource       : HikariPool-1 - Shutdown completed.
2023-12-07T12:16:01.443+05:30  INFO 15704 --- [main] c.k.SpringQuery.SpringQueryApplication   : Starting SpringQueryApplication using Java 17.0.3.1 with PID 15704 (C:\Users\joshika.d\Downloads\SpringQuery\SpringQuery\target\classes started by joshika.d in C:\Users\joshika.d\Downloads\SpringQuery\SpringQuery)
2023-12-07T12:16:01.452+05:30  INFO 15704 --- [main] c.k.SpringQuery.SpringQueryApplication   : No active profile set, falling back to 1 default profile: "default"
2023-12-07T12:16:02.398+05:30  INFO 15704 --- [main] o.apache.catalina.core.StandardService   : Starting service [Tomcat]
2023-12-07T12:16:02.398+05:30  INFO 15704 --- [main] o.apache.catalina.core.StandardEngine    : Starting Servlet engine: [Apache Tomcat/10.1.16]
2023-12-07T12:16:02.459+05:30  INFO 15704 --- [main] o.a.c.c.C.[Tomcat].[localhost].[/]       : Initializing Spring embedded WebApplicationContext
2023-12-07T12:16:02.869+05:30  INFO 15704 --- [main] com.zaxxer.hikari.HikariDataSource       : HikariPool-1 - Starting...
2023-12-07T12:16:03.069+05:30  INFO 15704 --- [main] com.zaxxer.hikari.pool.HikariPool        : HikariPool-1 - Added connection conn0: url=jdbc:h2:file:/data/sb1 user=SA
2023-12-07T12:16:03.069+05:30  INFO 15704 --- [main] com.zaxxer.hikari.HikariDataSource       : HikariPool-1 - Start completed.
2023-12-07T12:16:04.656+05:30  INFO 15704 --- [main] c.k.SpringQuery.SpringQueryApplication   : Started SpringQueryApplication in 3.615 seconds (process running for 3.921)
2023-12-07T12:16:13.259+05:30  INFO 15704 --- [http-nio-8080-exec-1] o.a.c.c.C.[Tomcat].[localhost].[/]       : Initializing Spring DispatcherServlet 'dispatcherServlet'
2023-12-07T12:25:41.210+05:30  INFO 10276 --- [main] c.k.SpringQuery.SpringQueryApplication   : Starting SpringQueryApplication using Java 17.0.3.1 with PID 10276 (C:\Users\joshika.d\Downloads\SpringQuery\SpringQuery\target\classes started by joshika.d in C:\Users\joshika.d\Downloads\SpringQuery\SpringQuery)
2023-12-07T12:25:41.214+05:30  INFO 10276 --- [main] c.k.SpringQuery.SpringQueryApplication   : No active profile set, falling back to 1 default profile: "default"
2023-12-07T12:25:42.172+05:30  INFO 10276 --- [main] o.apache.catalina.core.StandardService   : Starting service [Tomcat]
2023-12-07T12:25:42.173+05:30  INFO 10276 --- [main] o.apache.catalina.core.StandardEngine    : Starting Servlet engine: [Apache Tomcat/10.1.16]
2023-12-07T12:25:42.233+05:30  INFO 10276 --- [main] o.a.c.c.C.[Tomcat].[localhost].[/]       : Initializing Spring embedded WebApplicationContext
2023-12-07T12:25:42.651+05:30  INFO 10276 --- [main] com.zaxxer.hikari.HikariDataSource       : HikariPool-1 - Starting...
2023-12-07T12:25:42.845+05:30  INFO 10276 --- [main] com.zaxxer.hikari.pool.HikariPool        : HikariPool-1 - Added connection conn0: url=jdbc:h2:file:/data/sb1 user=SA
2023-12-07T12:25:42.847+05:30  INFO 10276 --- [main] com.zaxxer.hikari.HikariDataSource       : HikariPool-1 - Start completed.
2023-12-07T12:25:44.406+05:30  INFO 10276 --- [main] c.k.SpringQuery.SpringQueryApplication   : Started SpringQueryApplication in 3.609 seconds (process running for 3.931)
2023-12-07T12:26:39.569+05:30  INFO 10276 --- [http-nio-8080-exec-5] o.a.c.c.C.[Tomcat].[localhost].[/]       : Initializing Spring DispatcherServlet 'dispatcherServlet'
2023-12-07T13:50:21.519+05:30  INFO 10276 --- [SpringApplicationShutdownHook] com.zaxxer.hikari.HikariDataSource       : HikariPool-1 - Shutdown initiated...
2023-12-07T13:50:21.520+05:30  INFO 10276 --- [SpringApplicationShutdownHook] com.zaxxer.hikari.HikariDataSource       : HikariPool-1 - Shutdown completed.
2023-12-07T13:50:27.246+05:30  INFO 14328 --- [main] c.k.SpringQuery.SpringQueryApplication   : Starting SpringQueryApplication using Java 17.0.3.1 with PID 14328 (C:\Users\joshika.d\Downloads\SpringQuery\SpringQuery\target\classes started by joshika.d in C:\Users\joshika.d\Downloads\SpringQuery\SpringQuery)
2023-12-07T13:50:27.249+05:30  INFO 14328 --- [main] c.k.SpringQuery.SpringQueryApplication   : No active profile set, falling back to 1 default profile: "default"
2023-12-07T13:50:28.223+05:30  INFO 14328 --- [main] o.apache.catalina.core.StandardService   : Starting service [Tomcat]
2023-12-07T13:50:28.223+05:30  INFO 14328 --- [main] o.apache.catalina.core.StandardEngine    : Starting Servlet engine: [Apache Tomcat/10.1.16]
2023-12-07T13:50:28.282+05:30  INFO 14328 --- [main] o.a.c.c.C.[Tomcat].[localhost].[/]       : Initializing Spring embedded WebApplicationContext
2023-12-07T13:50:28.701+05:30  INFO 14328 --- [main] com.zaxxer.hikari.HikariDataSource       : HikariPool-1 - Starting...
2023-12-07T13:50:28.893+05:30  INFO 14328 --- [main] com.zaxxer.hikari.pool.HikariPool        : HikariPool-1 - Added connection conn0: url=jdbc:h2:file:/data/sb1 user=SA
2023-12-07T13:50:28.895+05:30  INFO 14328 --- [main] com.zaxxer.hikari.HikariDataSource       : HikariPool-1 - Start completed.
2023-12-07T13:50:30.185+05:30  INFO 14328 --- [main] com.zaxxer.hikari.HikariDataSource       : HikariPool-1 - Shutdown initiated...
2023-12-07T13:50:30.552+05:30  INFO 14328 --- [main] com.zaxxer.hikari.HikariDataSource       : HikariPool-1 - Shutdown completed.
2023-12-07T13:50:30.553+05:30  INFO 14328 --- [main] o.apache.catalina.core.StandardService   : Stopping service [Tomcat]
2023-12-07T13:50:30.578+05:30 ERROR 14328 --- [main] o.s.boot.SpringApplication               : Application run failed

org.springframework.beans.factory.UnsatisfiedDependencyException: Error creating bean with name 'registrationController': Unsatisfied dependency expressed through field 'RegistrationRepository': Error creating bean with name 'registrationRepository' defined in com.kgisl.SpringQuery.Repository.RegistrationRepository defined in @EnableJpaRepositories declared on JpaRepositoriesRegistrar.EnableJpaRepositoriesConfiguration: Could not create query for public abstract java.util.List com.kgisl.SpringQuery.Repository.RegistrationRepository.findUniqueEventNamesNativeQuery(); Reason: Failed to create query for method public abstract java.util.List com.kgisl.SpringQuery.Repository.RegistrationRepository.findUniqueEventNamesNativeQuery(); No property 'findUniqueEventNamesNativeQuery' found for type 'Registration'
	at org.springframework.beans.factory.annotation.AutowiredAnnotationBeanPostProcessor$AutowiredFieldElement.resolveFieldValue(AutowiredAnnotationBeanPostProcessor.java:772) ~[spring-beans-6.1.1.jar:6.1.1]
	at org.springframework.beans.factory.annotation.AutowiredAnnotationBeanPostProcessor$AutowiredFieldElement.inject(AutowiredAnnotationBeanPostProcessor.java:752) ~[spring-beans-6.1.1.jar:6.1.1]
	at org.springframework.beans.factory.annotation.InjectionMetadata.inject(InjectionMetadata.java:145) ~[spring-beans-6.1.1.jar:6.1.1]
	at org.springframework.beans.factory.annotation.AutowiredAnnotationBeanPostProcessor.postProcessProperties(AutowiredAnnotationBeanPostProcessor.java:493) ~[spring-beans-6.1.1.jar:6.1.1]
	at org.springframework.beans.factory.support.AbstractAutowireCapableBeanFactory.populateBean(AbstractAutowireCapableBeanFactory.java:1420) ~[spring-beans-6.1.1.jar:6.1.1]
	at org.springframework.beans.factory.support.AbstractAutowireCapableBeanFactory.doCreateBean(AbstractAutowireCapableBeanFactory.java:600) ~[spring-beans-6.1.1.jar:6.1.1]
	at org.springframework.beans.factory.support.AbstractAutowireCapableBeanFactory.createBean(AbstractAutowireCapableBeanFactory.java:523) ~[spring-beans-6.1.1.jar:6.1.1]
	at org.springframework.beans.factory.support.AbstractBeanFactory.lambda$doGetBean$0(AbstractBeanFactory.java:325) ~[spring-beans-6.1.1.jar:6.1.1]
	at org.springframework.beans.factory.support.DefaultSingletonBeanRegistry.getSingleton(DefaultSingletonBeanRegistry.java:234) ~[spring-beans-6.1.1.jar:6.1.1]
	at org.springframework.beans.factory.support.AbstractBeanFactory.doGetBean(AbstractBeanFactory.java:323) ~[spring-beans-6.1.1.jar:6.1.1]
	at org.springframework.beans.factory.support.AbstractBeanFactory.getBean(AbstractBeanFactory.java:199) ~[spring-beans-6.1.1.jar:6.1.1]
	at org.springframework.beans.factory.support.DefaultListableBeanFactory.preInstantiateSingletons(DefaultListableBeanFactory.java:973) ~[spring-beans-6.1.1.jar:6.1.1]
	at org.springframework.context.support.AbstractApplicationContext.finishBeanFactoryInitialization(AbstractApplicationContext.java:946) ~[spring-context-6.1.1.jar:6.1.1]
	at org.springframework.context.support.AbstractApplicationContext.refresh(AbstractApplicationContext.java:616) ~[spring-context-6.1.1.jar:6.1.1]
	at org.springframework.boot.web.servlet.context.ServletWebServerApplicationContext.refresh(ServletWebServerApplicationContext.java:146) ~[spring-boot-3.2.0.jar:3.2.0]
	at org.springframework.boot.SpringApplication.refresh(SpringApplication.java:753) ~[spring-boot-3.2.0.jar:3.2.0]
	at org.springframework.boot.SpringApplication.refreshContext(SpringApplication.java:455) ~[spring-boot-3.2.0.jar:3.2.0]
	at org.springframework.boot.SpringApplication.run(SpringApplication.java:323) ~[spring-boot-3.2.0.jar:3.2.0]
	at org.springframework.boot.SpringApplication.run(SpringApplication.java:1342) ~[spring-boot-3.2.0.jar:3.2.0]
	at org.springframework.boot.SpringApplication.run(SpringApplication.java:1331) ~[spring-boot-3.2.0.jar:3.2.0]
	at com.kgisl.SpringQuery.SpringQueryApplication.main(SpringQueryApplication.java:10) ~[classes/:na]
Caused by: org.springframework.beans.factory.BeanCreationException: Error creating bean with name 'registrationRepository' defined in com.kgisl.SpringQuery.Repository.RegistrationRepository defined in @EnableJpaRepositories declared on JpaRepositoriesRegistrar.EnableJpaRepositoriesConfiguration: Could not create query for public abstract java.util.List com.kgisl.SpringQuery.Repository.RegistrationRepository.findUniqueEventNamesNativeQuery(); Reason: Failed to create query for method public abstract java.util.List com.kgisl.SpringQuery.Repository.RegistrationRepository.findUniqueEventNamesNativeQuery(); No property 'findUniqueEventNamesNativeQuery' found for type 'Registration'
	at org.springframework.beans.factory.support.AbstractAutowireCapableBeanFactory.initializeBean(AbstractAutowireCapableBeanFactory.java:1775) ~[spring-beans-6.1.1.jar:6.1.1]
	at org.springframework.beans.factory.support.AbstractAutowireCapableBeanFactory.doCreateBean(AbstractAutowireCapableBeanFactory.java:601) ~[spring-beans-6.1.1.jar:6.1.1]
	at org.springframework.beans.factory.support.AbstractAutowireCapableBeanFactory.createBean(AbstractAutowireCapableBeanFactory.java:523) ~[spring-beans-6.1.1.jar:6.1.1]
	at org.springframework.beans.factory.support.AbstractBeanFactory.lambda$doGetBean$0(AbstractBeanFactory.java:325) ~[spring-beans-6.1.1.jar:6.1.1]
	at org.springframework.beans.factory.support.DefaultSingletonBeanRegistry.getSingleton(DefaultSingletonBeanRegistry.java:234) ~[spring-beans-6.1.1.jar:6.1.1]
	at org.springframework.beans.factory.support.AbstractBeanFactory.doGetBean(AbstractBeanFactory.java:323) ~[spring-beans-6.1.1.jar:6.1.1]
	at org.springframework.beans.factory.support.AbstractBeanFactory.getBean(AbstractBeanFactory.java:199) ~[spring-beans-6.1.1.jar:6.1.1]
	at org.springframework.beans.factory.config.DependencyDescriptor.resolveCandidate(DependencyDescriptor.java:254) ~[spring-beans-6.1.1.jar:6.1.1]
	at org.springframework.beans.factory.support.DefaultListableBeanFactory.doResolveDependency(DefaultListableBeanFactory.java:1441) ~[spring-beans-6.1.1.jar:6.1.1]
	at org.springframework.beans.factory.support.DefaultListableBeanFactory.resolveDependency(DefaultListableBeanFactory.java:1348) ~[spring-beans-6.1.1.jar:6.1.1]
	at org.springframework.beans.factory.annotation.AutowiredAnnotationBeanPostProcessor$AutowiredFieldElement.resolveFieldValue(AutowiredAnnotationBeanPostProcessor.java:769) ~[spring-beans-6.1.1.jar:6.1.1]
	... 20 common frames omitted
Caused by: org.springframework.data.repository.query.QueryCreationException: Could not create query for public abstract java.util.List com.kgisl.SpringQuery.Repository.RegistrationRepository.findUniqueEventNamesNativeQuery(); Reason: Failed to create query for method public abstract java.util.List com.kgisl.SpringQuery.Repository.RegistrationRepository.findUniqueEventNamesNativeQuery(); No property 'findUniqueEventNamesNativeQuery' found for type 'Registration'
	at org.springframework.data.repository.query.QueryCreationException.create(QueryCreationException.java:101) ~[spring-data-commons-3.2.0.jar:3.2.0]
	at org.springframework.data.repository.core.support.QueryExecutorMethodInterceptor.lookupQuery(QueryExecutorMethodInterceptor.java:115) ~[spring-data-commons-3.2.0.jar:3.2.0]
	at org.springframework.data.repository.core.support.QueryExecutorMethodInterceptor.mapMethodsToQuery(QueryExecutorMethodInterceptor.java:99) ~[spring-data-commons-3.2.0.jar:3.2.0]
	at org.springframework.data.repository.core.support.QueryExecutorMethodInterceptor.lambda$new$0(QueryExecutorMethodInterceptor.java:88) ~[spring-data-commons-3.2.0.jar:3.2.0]
	at java.base/java.util.Optional.map(Optional.java:260) ~[na:na]
	at org.springframework.data.repository.core.support.QueryExecutorMethodInterceptor.<init>(QueryExecutorMethodInterceptor.java:88) ~[spring-data-commons-3.2.0.jar:3.2.0]
	at org.springframework.data.repository.core.support.RepositoryFactorySupport.getRepository(RepositoryFactorySupport.java:357) ~[spring-data-commons-3.2.0.jar:3.2.0]
	at org.springframework.data.repository.core.support.RepositoryFactoryBeanSupport.lambda$afterPropertiesSet$5(RepositoryFactoryBeanSupport.java:279) ~[spring-data-commons-3.2.0.jar:3.2.0]
	at org.springframework.data.util.Lazy.getNullable(Lazy.java:135) ~[spring-data-commons-3.2.0.jar:3.2.0]
	at org.springframework.data.util.Lazy.get(Lazy.java:113) ~[spring-data-commons-3.2.0.jar:3.2.0]
	at org.springframework.data.repository.core.support.RepositoryFactoryBeanSupport.afterPropertiesSet(RepositoryFactoryBeanSupport.java:285) ~[spring-data-commons-3.2.0.jar:3.2.0]
	at org.springframework.data.jpa.repository.support.JpaRepositoryFactoryBean.afterPropertiesSet(JpaRepositoryFactoryBean.java:132) ~[spring-data-jpa-3.2.0.jar:3.2.0]
	at org.springframework.beans.factory.support.AbstractAutowireCapableBeanFactory.invokeInitMethods(AbstractAutowireCapableBeanFactory.java:1822) ~[spring-beans-6.1.1.jar:6.1.1]
	at org.springframework.beans.factory.support.AbstractAutowireCapableBeanFactory.initializeBean(AbstractAutowireCapableBeanFactory.java:1771) ~[spring-beans-6.1.1.jar:6.1.1]
	... 30 common frames omitted
Caused by: java.lang.IllegalArgumentException: Failed to create query for method public abstract java.util.List com.kgisl.SpringQuery.Repository.RegistrationRepository.findUniqueEventNamesNativeQuery(); No property 'findUniqueEventNamesNativeQuery' found for type 'Registration'
	at org.springframework.data.jpa.repository.query.PartTreeJpaQuery.<init>(PartTreeJpaQuery.java:107) ~[spring-data-jpa-3.2.0.jar:3.2.0]
	at org.springframework.data.jpa.repository.query.JpaQueryLookupStrategy$CreateQueryLookupStrategy.resolveQuery(JpaQueryLookupStrategy.java:124) ~[spring-data-jpa-3.2.0.jar:3.2.0]
	at org.springframework.data.jpa.repository.query.JpaQueryLookupStrategy$CreateIfNotFoundQueryLookupStrategy.resolveQuery(JpaQueryLookupStrategy.java:258) ~[spring-data-jpa-3.2.0.jar:3.2.0]
	at org.springframework.data.jpa.repository.query.JpaQueryLookupStrategy$AbstractQueryLookupStrategy.resolveQuery(JpaQueryLookupStrategy.java:95) ~[spring-data-jpa-3.2.0.jar:3.2.0]
	at org.springframework.data.repository.core.support.QueryExecutorMethodInterceptor.lookupQuery(QueryExecutorMethodInterceptor.java:111) ~[spring-data-commons-3.2.0.jar:3.2.0]
	... 42 common frames omitted
Caused by: org.springframework.data.mapping.PropertyReferenceException: No property 'findUniqueEventNamesNativeQuery' found for type 'Registration'
	at org.springframework.data.mapping.PropertyPath.<init>(PropertyPath.java:90) ~[spring-data-commons-3.2.0.jar:3.2.0]
	at org.springframework.data.mapping.PropertyPath.create(PropertyPath.java:443) ~[spring-data-commons-3.2.0.jar:3.2.0]
	at org.springframework.data.mapping.PropertyPath.create(PropertyPath.java:419) ~[spring-data-commons-3.2.0.jar:3.2.0]
	at org.springframework.data.mapping.PropertyPath.lambda$from$0(PropertyPath.java:372) ~[spring-data-commons-3.2.0.jar:3.2.0]
	at java.base/java.util.concurrent.ConcurrentMap.computeIfAbsent(ConcurrentMap.java:330) ~[na:na]
	at org.springframework.data.mapping.PropertyPath.from(PropertyPath.java:354) ~[spring-data-commons-3.2.0.jar:3.2.0]
	at org.springframework.data.mapping.PropertyPath.from(PropertyPath.java:332) ~[spring-data-commons-3.2.0.jar:3.2.0]
	at org.springframework.data.repository.query.parser.Part.<init>(Part.java:81) ~[spring-data-commons-3.2.0.jar:3.2.0]
	at org.springframework.data.repository.query.parser.PartTree$OrPart.lambda$new$0(PartTree.java:259) ~[spring-data-commons-3.2.0.jar:3.2.0]
	at java.base/java.util.stream.ReferencePipeline$3$1.accept(ReferencePipeline.java:197) ~[na:na]
	at java.base/java.util.stream.ReferencePipeline$2$1.accept(ReferencePipeline.java:179) ~[na:na]
	at java.base/java.util.Spliterators$ArraySpliterator.forEachRemaining(Spliterators.java:992) ~[na:na]
	at java.base/java.util.stream.AbstractPipeline.copyInto(AbstractPipeline.java:509) ~[na:na]
	at java.base/java.util.stream.AbstractPipeline.wrapAndCopyInto(AbstractPipeline.java:499) ~[na:na]
	at java.base/java.util.stream.ReduceOps$ReduceOp.evaluateSequential(ReduceOps.java:921) ~[na:na]
	at java.base/java.util.stream.AbstractPipeline.evaluate(AbstractPipeline.java:234) ~[na:na]
	at java.base/java.util.stream.ReferencePipeline.collect(ReferencePipeline.java:682) ~[na:na]
	at org.springframework.data.repository.query.parser.PartTree$OrPart.<init>(PartTree.java:260) ~[spring-data-commons-3.2.0.jar:3.2.0]
	at org.springframework.data.repository.query.parser.PartTree$Predicate.lambda$new$0(PartTree.java:389) ~[spring-data-commons-3.2.0.jar:3.2.0]
	at java.base/java.util.stream.ReferencePipeline$3$1.accept(ReferencePipeline.java:197) ~[na:na]
	at java.base/java.util.stream.ReferencePipeline$2$1.accept(ReferencePipeline.java:179) ~[na:na]
	at java.base/java.util.Spliterators$ArraySpliterator.forEachRemaining(Spliterators.java:992) ~[na:na]
	at java.base/java.util.stream.AbstractPipeline.copyInto(AbstractPipeline.java:509) ~[na:na]
	at java.base/java.util.stream.AbstractPipeline.wrapAndCopyInto(AbstractPipeline.java:499) ~[na:na]
	at java.base/java.util.stream.ReduceOps$ReduceOp.evaluateSequential(ReduceOps.java:921) ~[na:na]
	at java.base/java.util.stream.AbstractPipeline.evaluate(AbstractPipeline.java:234) ~[na:na]
	at java.base/java.util.stream.ReferencePipeline.collect(ReferencePipeline.java:682) ~[na:na]
	at org.springframework.data.repository.query.parser.PartTree$Predicate.<init>(PartTree.java:390) ~[spring-data-commons-3.2.0.jar:3.2.0]
	at org.springframework.data.repository.query.parser.PartTree.<init>(PartTree.java:100) ~[spring-data-commons-3.2.0.jar:3.2.0]
	at org.springframework.data.jpa.repository.query.PartTreeJpaQuery.<init>(PartTreeJpaQuery.java:100) ~[spring-data-jpa-3.2.0.jar:3.2.0]
	... 46 common frames omitted

2023-12-07T13:51:36.865+05:30  INFO 3748 --- [main] c.k.SpringQuery.SpringQueryApplication   : Starting SpringQueryApplication using Java 17.0.3.1 with PID 3748 (C:\Users\joshika.d\Downloads\SpringQuery\SpringQuery\target\classes started by joshika.d in C:\Users\joshika.d\Downloads\SpringQuery\SpringQuery)
2023-12-07T13:51:36.868+05:30  INFO 3748 --- [main] c.k.SpringQuery.SpringQueryApplication   : No active profile set, falling back to 1 default profile: "default"
2023-12-07T13:51:37.828+05:30  INFO 3748 --- [main] o.apache.catalina.core.StandardService   : Starting service [Tomcat]
2023-12-07T13:51:37.829+05:30  INFO 3748 --- [main] o.apache.catalina.core.StandardEngine    : Starting Servlet engine: [Apache Tomcat/10.1.16]
2023-12-07T13:51:37.892+05:30  INFO 3748 --- [main] o.a.c.c.C.[Tomcat].[localhost].[/]       : Initializing Spring embedded WebApplicationContext
2023-12-07T13:51:38.311+05:30  INFO 3748 --- [main] com.zaxxer.hikari.HikariDataSource       : HikariPool-1 - Starting...
2023-12-07T13:51:38.508+05:30  INFO 3748 --- [main] com.zaxxer.hikari.pool.HikariPool        : HikariPool-1 - Added connection conn0: url=jdbc:h2:file:/data/sb1 user=SA
2023-12-07T13:51:38.510+05:30  INFO 3748 --- [main] com.zaxxer.hikari.HikariDataSource       : HikariPool-1 - Start completed.
2023-12-07T13:51:40.077+05:30  INFO 3748 --- [main] c.k.SpringQuery.SpringQueryApplication   : Started SpringQueryApplication in 3.613 seconds (process running for 3.941)
2023-12-07T13:51:49.620+05:30  INFO 3748 --- [http-nio-8080-exec-1] o.a.c.c.C.[Tomcat].[localhost].[/]       : Initializing Spring DispatcherServlet 'dispatcherServlet'
2023-12-07T13:52:22.634+05:30  INFO 3748 --- [SpringApplicationShutdownHook] com.zaxxer.hikari.HikariDataSource       : HikariPool-1 - Shutdown initiated...
2023-12-07T13:52:22.635+05:30  INFO 3748 --- [SpringApplicationShutdownHook] com.zaxxer.hikari.HikariDataSource       : HikariPool-1 - Shutdown completed.
2023-12-07T13:52:30.403+05:30  INFO 15936 --- [main] c.k.SpringQuery.SpringQueryApplication   : Starting SpringQueryApplication using Java 17.0.3.1 with PID 15936 (C:\Users\joshika.d\Downloads\SpringQuery\SpringQuery\target\classes started by joshika.d in C:\Users\joshika.d\Downloads\SpringQuery\SpringQuery)
2023-12-07T13:52:30.405+05:30  INFO 15936 --- [main] c.k.SpringQuery.SpringQueryApplication   : No active profile set, falling back to 1 default profile: "default"
2023-12-07T13:52:31.356+05:30  INFO 15936 --- [main] o.apache.catalina.core.StandardService   : Starting service [Tomcat]
2023-12-07T13:52:31.356+05:30  INFO 15936 --- [main] o.apache.catalina.core.StandardEngine    : Starting Servlet engine: [Apache Tomcat/10.1.16]
2023-12-07T13:52:31.420+05:30  INFO 15936 --- [main] o.a.c.c.C.[Tomcat].[localhost].[/]       : Initializing Spring embedded WebApplicationContext
2023-12-07T13:52:31.862+05:30  INFO 15936 --- [main] com.zaxxer.hikari.HikariDataSource       : HikariPool-1 - Starting...
2023-12-07T13:52:32.065+05:30  INFO 15936 --- [main] com.zaxxer.hikari.pool.HikariPool        : HikariPool-1 - Added connection conn0: url=jdbc:h2:file:/data/sb1 user=SA
2023-12-07T13:52:32.067+05:30  INFO 15936 --- [main] com.zaxxer.hikari.HikariDataSource       : HikariPool-1 - Start completed.
2023-12-07T13:52:33.711+05:30  INFO 15936 --- [main] c.k.SpringQuery.SpringQueryApplication   : Started SpringQueryApplication in 3.727 seconds (process running for 4.07)
2023-12-07T13:52:57.340+05:30  INFO 15936 --- [http-nio-8080-exec-1] o.a.c.c.C.[Tomcat].[localhost].[/]       : Initializing Spring DispatcherServlet 'dispatcherServlet'
2023-12-07T13:56:15.943+05:30  INFO 15936 --- [SpringApplicationShutdownHook] com.zaxxer.hikari.HikariDataSource       : HikariPool-1 - Shutdown initiated...
2023-12-07T13:56:15.944+05:30  INFO 15936 --- [SpringApplicationShutdownHook] com.zaxxer.hikari.HikariDataSource       : HikariPool-1 - Shutdown completed.
2023-12-07T13:56:21.450+05:30  INFO 13024 --- [main] c.k.SpringQuery.SpringQueryApplication   : Starting SpringQueryApplication using Java 17.0.3.1 with PID 13024 (C:\Users\joshika.d\Downloads\SpringQuery\SpringQuery\target\classes started by joshika.d in C:\Users\joshika.d\Downloads\SpringQuery\SpringQuery)
2023-12-07T13:56:21.453+05:30  INFO 13024 --- [main] c.k.SpringQuery.SpringQueryApplication   : No active profile set, falling back to 1 default profile: "default"
2023-12-07T13:56:22.449+05:30  INFO 13024 --- [main] o.apache.catalina.core.StandardService   : Starting service [Tomcat]
2023-12-07T13:56:22.449+05:30  INFO 13024 --- [main] o.apache.catalina.core.StandardEngine    : Starting Servlet engine: [Apache Tomcat/10.1.16]
2023-12-07T13:56:22.511+05:30  INFO 13024 --- [main] o.a.c.c.C.[Tomcat].[localhost].[/]       : Initializing Spring embedded WebApplicationContext
2023-12-07T13:56:23.037+05:30  INFO 13024 --- [main] com.zaxxer.hikari.HikariDataSource       : HikariPool-1 - Starting...
2023-12-07T13:56:23.252+05:30  INFO 13024 --- [main] com.zaxxer.hikari.pool.HikariPool        : HikariPool-1 - Added connection conn0: url=jdbc:h2:file:/data/sb1 user=SA
2023-12-07T13:56:23.254+05:30  INFO 13024 --- [main] com.zaxxer.hikari.HikariDataSource       : HikariPool-1 - Start completed.
2023-12-07T13:56:24.903+05:30  INFO 13024 --- [main] c.k.SpringQuery.SpringQueryApplication   : Started SpringQueryApplication in 3.86 seconds (process running for 4.209)
2023-12-07T13:57:20.850+05:30  INFO 13024 --- [http-nio-8080-exec-1] o.a.c.c.C.[Tomcat].[localhost].[/]       : Initializing Spring DispatcherServlet 'dispatcherServlet'
2023-12-07T14:04:01.466+05:30  INFO 13024 --- [SpringApplicationShutdownHook] com.zaxxer.hikari.HikariDataSource       : HikariPool-1 - Shutdown initiated...
2023-12-07T14:04:01.469+05:30  INFO 13024 --- [SpringApplicationShutdownHook] com.zaxxer.hikari.HikariDataSource       : HikariPool-1 - Shutdown completed.
2023-12-07T14:04:07.517+05:30  INFO 6976 --- [main] c.k.SpringQuery.SpringQueryApplication   : Starting SpringQueryApplication using Java 17.0.3.1 with PID 6976 (C:\Users\joshika.d\Downloads\SpringQuery\SpringQuery\target\classes started by joshika.d in C:\Users\joshika.d\Downloads\SpringQuery\SpringQuery)
2023-12-07T14:04:07.519+05:30  INFO 6976 --- [main] c.k.SpringQuery.SpringQueryApplication   : No active profile set, falling back to 1 default profile: "default"
2023-12-07T14:04:08.477+05:30  INFO 6976 --- [main] o.apache.catalina.core.StandardService   : Starting service [Tomcat]
2023-12-07T14:04:08.478+05:30  INFO 6976 --- [main] o.apache.catalina.core.StandardEngine    : Starting Servlet engine: [Apache Tomcat/10.1.16]
2023-12-07T14:04:08.537+05:30  INFO 6976 --- [main] o.a.c.c.C.[Tomcat].[localhost].[/]       : Initializing Spring embedded WebApplicationContext
2023-12-07T14:04:08.960+05:30  INFO 6976 --- [main] com.zaxxer.hikari.HikariDataSource       : HikariPool-1 - Starting...
2023-12-07T14:04:09.163+05:30  INFO 6976 --- [main] com.zaxxer.hikari.pool.HikariPool        : HikariPool-1 - Added connection conn0: url=jdbc:h2:file:/data/sb1 user=SA
2023-12-07T14:04:09.165+05:30  INFO 6976 --- [main] com.zaxxer.hikari.HikariDataSource       : HikariPool-1 - Start completed.
2023-12-07T14:04:10.714+05:30  INFO 6976 --- [main] c.k.SpringQuery.SpringQueryApplication   : Started SpringQueryApplication in 3.606 seconds (process running for 3.929)
2023-12-07T14:04:19.181+05:30  INFO 6976 --- [http-nio-8080-exec-1] o.a.c.c.C.[Tomcat].[localhost].[/]       : Initializing Spring DispatcherServlet 'dispatcherServlet'
2023-12-07T14:07:41.507+05:30  INFO 6976 --- [SpringApplicationShutdownHook] com.zaxxer.hikari.HikariDataSource       : HikariPool-1 - Shutdown initiated...
2023-12-07T14:07:41.509+05:30  INFO 6976 --- [SpringApplicationShutdownHook] com.zaxxer.hikari.HikariDataSource       : HikariPool-1 - Shutdown completed.
2023-12-07T14:07:47.633+05:30  INFO 4604 --- [main] c.k.SpringQuery.SpringQueryApplication   : Starting SpringQueryApplication using Java 17.0.3.1 with PID 4604 (C:\Users\joshika.d\Downloads\SpringQuery\SpringQuery\target\classes started by joshika.d in C:\Users\joshika.d\Downloads\SpringQuery\SpringQuery)
2023-12-07T14:07:47.636+05:30  INFO 4604 --- [main] c.k.SpringQuery.SpringQueryApplication   : No active profile set, falling back to 1 default profile: "default"
2023-12-07T14:07:48.609+05:30  INFO 4604 --- [main] o.apache.catalina.core.StandardService   : Starting service [Tomcat]
2023-12-07T14:07:48.610+05:30  INFO 4604 --- [main] o.apache.catalina.core.StandardEngine    : Starting Servlet engine: [Apache Tomcat/10.1.16]
2023-12-07T14:07:48.672+05:30  INFO 4604 --- [main] o.a.c.c.C.[Tomcat].[localhost].[/]       : Initializing Spring embedded WebApplicationContext
2023-12-07T14:07:49.093+05:30  INFO 4604 --- [main] com.zaxxer.hikari.HikariDataSource       : HikariPool-1 - Starting...
2023-12-07T14:07:49.290+05:30  INFO 4604 --- [main] com.zaxxer.hikari.pool.HikariPool        : HikariPool-1 - Added connection conn0: url=jdbc:h2:file:/data/sb1 user=SA
2023-12-07T14:07:49.292+05:30  INFO 4604 --- [main] com.zaxxer.hikari.HikariDataSource       : HikariPool-1 - Start completed.
2023-12-07T14:07:50.857+05:30  INFO 4604 --- [main] c.k.SpringQuery.SpringQueryApplication   : Started SpringQueryApplication in 3.633 seconds (process running for 3.968)
2023-12-07T14:07:56.375+05:30  INFO 4604 --- [http-nio-8080-exec-1] o.a.c.c.C.[Tomcat].[localhost].[/]       : Initializing Spring DispatcherServlet 'dispatcherServlet'
2023-12-07T15:05:51.830+05:30  INFO 4604 --- [SpringApplicationShutdownHook] com.zaxxer.hikari.HikariDataSource       : HikariPool-1 - Shutdown initiated...
2023-12-07T15:05:51.830+05:30  INFO 4604 --- [SpringApplicationShutdownHook] com.zaxxer.hikari.HikariDataSource       : HikariPool-1 - Shutdown completed.
2023-12-07T15:05:58.939+05:30  INFO 8944 --- [main] c.k.SpringQuery.SpringQueryApplication   : Starting SpringQueryApplication using Java 17.0.3.1 with PID 8944 (C:\Users\joshika.d\Downloads\SpringQuery\SpringQuery\target\classes started by joshika.d in C:\Users\joshika.d\Downloads\SpringQuery\SpringQuery)
2023-12-07T15:05:58.939+05:30  INFO 8944 --- [main] c.k.SpringQuery.SpringQueryApplication   : No active profile set, falling back to 1 default profile: "default"
2023-12-07T15:05:59.901+05:30  INFO 8944 --- [main] o.apache.catalina.core.StandardService   : Starting service [Tomcat]
2023-12-07T15:05:59.901+05:30  INFO 8944 --- [main] o.apache.catalina.core.StandardEngine    : Starting Servlet engine: [Apache Tomcat/10.1.16]
2023-12-07T15:05:59.953+05:30  INFO 8944 --- [main] o.a.c.c.C.[Tomcat].[localhost].[/]       : Initializing Spring embedded WebApplicationContext
2023-12-07T15:06:00.368+05:30  INFO 8944 --- [main] com.zaxxer.hikari.HikariDataSource       : HikariPool-1 - Starting...
2023-12-07T15:06:00.563+05:30  INFO 8944 --- [main] com.zaxxer.hikari.pool.HikariPool        : HikariPool-1 - Added connection conn0: url=jdbc:h2:file:/data/sb1 user=SA
2023-12-07T15:06:00.563+05:30  INFO 8944 --- [main] com.zaxxer.hikari.HikariDataSource       : HikariPool-1 - Start completed.
2023-12-07T15:06:01.829+05:30  INFO 8944 --- [main] com.zaxxer.hikari.HikariDataSource       : HikariPool-1 - Shutdown initiated...
2023-12-07T15:06:02.098+05:30  INFO 8944 --- [main] com.zaxxer.hikari.HikariDataSource       : HikariPool-1 - Shutdown completed.
2023-12-07T15:06:02.113+05:30  INFO 8944 --- [main] o.apache.catalina.core.StandardService   : Stopping service [Tomcat]
2023-12-07T15:06:02.137+05:30 ERROR 8944 --- [main] o.s.boot.SpringApplication               : Application run failed

org.springframework.beans.factory.UnsatisfiedDependencyException: Error creating bean with name 'registrationController': Unsatisfied dependency expressed through field 'RegistrationRepository': Error creating bean with name 'registrationRepository' defined in com.kgisl.SpringQuery.Repository.RegistrationRepository defined in @EnableJpaRepositories declared on JpaRepositoriesRegistrar.EnableJpaRepositoriesConfiguration: Could not create query for public abstract java.util.List com.kgisl.SpringQuery.Repository.RegistrationRepository.findAthletesForPalindromeEvents(); Reason: Validation failed for query for method public abstract java.util.List com.kgisl.SpringQuery.Repository.RegistrationRepository.findAthletesForPalindromeEvents()
	at org.springframework.beans.factory.annotation.AutowiredAnnotationBeanPostProcessor$AutowiredFieldElement.resolveFieldValue(AutowiredAnnotationBeanPostProcessor.java:772) ~[spring-beans-6.1.1.jar:6.1.1]
	at org.springframework.beans.factory.annotation.AutowiredAnnotationBeanPostProcessor$AutowiredFieldElement.inject(AutowiredAnnotationBeanPostProcessor.java:752) ~[spring-beans-6.1.1.jar:6.1.1]
	at org.springframework.beans.factory.annotation.InjectionMetadata.inject(InjectionMetadata.java:145) ~[spring-beans-6.1.1.jar:6.1.1]
	at org.springframework.beans.factory.annotation.AutowiredAnnotationBeanPostProcessor.postProcessProperties(AutowiredAnnotationBeanPostProcessor.java:493) ~[spring-beans-6.1.1.jar:6.1.1]
	at org.springframework.beans.factory.support.AbstractAutowireCapableBeanFactory.populateBean(AbstractAutowireCapableBeanFactory.java:1420) ~[spring-beans-6.1.1.jar:6.1.1]
	at org.springframework.beans.factory.support.AbstractAutowireCapableBeanFactory.doCreateBean(AbstractAutowireCapableBeanFactory.java:600) ~[spring-beans-6.1.1.jar:6.1.1]
	at org.springframework.beans.factory.support.AbstractAutowireCapableBeanFactory.createBean(AbstractAutowireCapableBeanFactory.java:523) ~[spring-beans-6.1.1.jar:6.1.1]
	at org.springframework.beans.factory.support.AbstractBeanFactory.lambda$doGetBean$0(AbstractBeanFactory.java:325) ~[spring-beans-6.1.1.jar:6.1.1]
	at org.springframework.beans.factory.support.DefaultSingletonBeanRegistry.getSingleton(DefaultSingletonBeanRegistry.java:234) ~[spring-beans-6.1.1.jar:6.1.1]
	at org.springframework.beans.factory.support.AbstractBeanFactory.doGetBean(AbstractBeanFactory.java:323) ~[spring-beans-6.1.1.jar:6.1.1]
	at org.springframework.beans.factory.support.AbstractBeanFactory.getBean(AbstractBeanFactory.java:199) ~[spring-beans-6.1.1.jar:6.1.1]
	at org.springframework.beans.factory.support.DefaultListableBeanFactory.preInstantiateSingletons(DefaultListableBeanFactory.java:973) ~[spring-beans-6.1.1.jar:6.1.1]
	at org.springframework.context.support.AbstractApplicationContext.finishBeanFactoryInitialization(AbstractApplicationContext.java:946) ~[spring-context-6.1.1.jar:6.1.1]
	at org.springframework.context.support.AbstractApplicationContext.refresh(AbstractApplicationContext.java:616) ~[spring-context-6.1.1.jar:6.1.1]
	at org.springframework.boot.web.servlet.context.ServletWebServerApplicationContext.refresh(ServletWebServerApplicationContext.java:146) ~[spring-boot-3.2.0.jar:3.2.0]
	at org.springframework.boot.SpringApplication.refresh(SpringApplication.java:753) ~[spring-boot-3.2.0.jar:3.2.0]
	at org.springframework.boot.SpringApplication.refreshContext(SpringApplication.java:455) ~[spring-boot-3.2.0.jar:3.2.0]
	at org.springframework.boot.SpringApplication.run(SpringApplication.java:323) ~[spring-boot-3.2.0.jar:3.2.0]
	at org.springframework.boot.SpringApplication.run(SpringApplication.java:1342) ~[spring-boot-3.2.0.jar:3.2.0]
	at org.springframework.boot.SpringApplication.run(SpringApplication.java:1331) ~[spring-boot-3.2.0.jar:3.2.0]
	at com.kgisl.SpringQuery.SpringQueryApplication.main(SpringQueryApplication.java:10) ~[classes/:na]
Caused by: org.springframework.beans.factory.BeanCreationException: Error creating bean with name 'registrationRepository' defined in com.kgisl.SpringQuery.Repository.RegistrationRepository defined in @EnableJpaRepositories declared on JpaRepositoriesRegistrar.EnableJpaRepositoriesConfiguration: Could not create query for public abstract java.util.List com.kgisl.SpringQuery.Repository.RegistrationRepository.findAthletesForPalindromeEvents(); Reason: Validation failed for query for method public abstract java.util.List com.kgisl.SpringQuery.Repository.RegistrationRepository.findAthletesForPalindromeEvents()
	at org.springframework.beans.factory.support.AbstractAutowireCapableBeanFactory.initializeBean(AbstractAutowireCapableBeanFactory.java:1775) ~[spring-beans-6.1.1.jar:6.1.1]
	at org.springframework.beans.factory.support.AbstractAutowireCapableBeanFactory.doCreateBean(AbstractAutowireCapableBeanFactory.java:601) ~[spring-beans-6.1.1.jar:6.1.1]
	at org.springframework.beans.factory.support.AbstractAutowireCapableBeanFactory.createBean(AbstractAutowireCapableBeanFactory.java:523) ~[spring-beans-6.1.1.jar:6.1.1]
	at org.springframework.beans.factory.support.AbstractBeanFactory.lambda$doGetBean$0(AbstractBeanFactory.java:325) ~[spring-beans-6.1.1.jar:6.1.1]
	at org.springframework.beans.factory.support.DefaultSingletonBeanRegistry.getSingleton(DefaultSingletonBeanRegistry.java:234) ~[spring-beans-6.1.1.jar:6.1.1]
	at org.springframework.beans.factory.support.AbstractBeanFactory.doGetBean(AbstractBeanFactory.java:323) ~[spring-beans-6.1.1.jar:6.1.1]
	at org.springframework.beans.factory.support.AbstractBeanFactory.getBean(AbstractBeanFactory.java:199) ~[spring-beans-6.1.1.jar:6.1.1]
	at org.springframework.beans.factory.config.DependencyDescriptor.resolveCandidate(DependencyDescriptor.java:254) ~[spring-beans-6.1.1.jar:6.1.1]
	at org.springframework.beans.factory.support.DefaultListableBeanFactory.doResolveDependency(DefaultListableBeanFactory.java:1441) ~[spring-beans-6.1.1.jar:6.1.1]
	at org.springframework.beans.factory.support.DefaultListableBeanFactory.resolveDependency(DefaultListableBeanFactory.java:1348) ~[spring-beans-6.1.1.jar:6.1.1]
	at org.springframework.beans.factory.annotation.AutowiredAnnotationBeanPostProcessor$AutowiredFieldElement.resolveFieldValue(AutowiredAnnotationBeanPostProcessor.java:769) ~[spring-beans-6.1.1.jar:6.1.1]
	... 20 common frames omitted
Caused by: org.springframework.data.repository.query.QueryCreationException: Could not create query for public abstract java.util.List com.kgisl.SpringQuery.Repository.RegistrationRepository.findAthletesForPalindromeEvents(); Reason: Validation failed for query for method public abstract java.util.List com.kgisl.SpringQuery.Repository.RegistrationRepository.findAthletesForPalindromeEvents()
	at org.springframework.data.repository.query.QueryCreationException.create(QueryCreationException.java:101) ~[spring-data-commons-3.2.0.jar:3.2.0]
	at org.springframework.data.repository.core.support.QueryExecutorMethodInterceptor.lookupQuery(QueryExecutorMethodInterceptor.java:115) ~[spring-data-commons-3.2.0.jar:3.2.0]
	at org.springframework.data.repository.core.support.QueryExecutorMethodInterceptor.mapMethodsToQuery(QueryExecutorMethodInterceptor.java:99) ~[spring-data-commons-3.2.0.jar:3.2.0]
	at org.springframework.data.repository.core.support.QueryExecutorMethodInterceptor.lambda$new$0(QueryExecutorMethodInterceptor.java:88) ~[spring-data-commons-3.2.0.jar:3.2.0]
	at java.base/java.util.Optional.map(Optional.java:260) ~[na:na]
	at org.springframework.data.repository.core.support.QueryExecutorMethodInterceptor.<init>(QueryExecutorMethodInterceptor.java:88) ~[spring-data-commons-3.2.0.jar:3.2.0]
	at org.springframework.data.repository.core.support.RepositoryFactorySupport.getRepository(RepositoryFactorySupport.java:357) ~[spring-data-commons-3.2.0.jar:3.2.0]
	at org.springframework.data.repository.core.support.RepositoryFactoryBeanSupport.lambda$afterPropertiesSet$5(RepositoryFactoryBeanSupport.java:279) ~[spring-data-commons-3.2.0.jar:3.2.0]
	at org.springframework.data.util.Lazy.getNullable(Lazy.java:135) ~[spring-data-commons-3.2.0.jar:3.2.0]
	at org.springframework.data.util.Lazy.get(Lazy.java:113) ~[spring-data-commons-3.2.0.jar:3.2.0]
	at org.springframework.data.repository.core.support.RepositoryFactoryBeanSupport.afterPropertiesSet(RepositoryFactoryBeanSupport.java:285) ~[spring-data-commons-3.2.0.jar:3.2.0]
	at org.springframework.data.jpa.repository.support.JpaRepositoryFactoryBean.afterPropertiesSet(JpaRepositoryFactoryBean.java:132) ~[spring-data-jpa-3.2.0.jar:3.2.0]
	at org.springframework.beans.factory.support.AbstractAutowireCapableBeanFactory.invokeInitMethods(AbstractAutowireCapableBeanFactory.java:1822) ~[spring-beans-6.1.1.jar:6.1.1]
	at org.springframework.beans.factory.support.AbstractAutowireCapableBeanFactory.initializeBean(AbstractAutowireCapableBeanFactory.java:1771) ~[spring-beans-6.1.1.jar:6.1.1]
	... 30 common frames omitted
Caused by: java.lang.IllegalArgumentException: Validation failed for query for method public abstract java.util.List com.kgisl.SpringQuery.Repository.RegistrationRepository.findAthletesForPalindromeEvents()
	at org.springframework.data.jpa.repository.query.SimpleJpaQuery.validateQuery(SimpleJpaQuery.java:100) ~[spring-data-jpa-3.2.0.jar:3.2.0]
	at org.springframework.data.jpa.repository.query.SimpleJpaQuery.<init>(SimpleJpaQuery.java:70) ~[spring-data-jpa-3.2.0.jar:3.2.0]
	at org.springframework.data.jpa.repository.query.JpaQueryFactory.fromMethodWithQueryString(JpaQueryFactory.java:60) ~[spring-data-jpa-3.2.0.jar:3.2.0]
	at org.springframework.data.jpa.repository.query.JpaQueryLookupStrategy$DeclaredQueryLookupStrategy.resolveQuery(JpaQueryLookupStrategy.java:170) ~[spring-data-jpa-3.2.0.jar:3.2.0]
	at org.springframework.data.jpa.repository.query.JpaQueryLookupStrategy$CreateIfNotFoundQueryLookupStrategy.resolveQuery(JpaQueryLookupStrategy.java:252) ~[spring-data-jpa-3.2.0.jar:3.2.0]
	at org.springframework.data.jpa.repository.query.JpaQueryLookupStrategy$AbstractQueryLookupStrategy.resolveQuery(JpaQueryLookupStrategy.java:95) ~[spring-data-jpa-3.2.0.jar:3.2.0]
	at org.springframework.data.repository.core.support.QueryExecutorMethodInterceptor.lookupQuery(QueryExecutorMethodInterceptor.java:111) ~[spring-data-commons-3.2.0.jar:3.2.0]
	... 42 common frames omitted
Caused by: java.lang.IllegalArgumentException: org.hibernate.query.sqm.produce.function.FunctionArgumentException: Parameter 1 of function 'lower()' has type 'STRING', but argument is of type 'java.lang.Object'
	at org.hibernate.internal.ExceptionConverterImpl.convert(ExceptionConverterImpl.java:143) ~[hibernate-core-6.3.1.Final.jar:6.3.1.Final]
	at org.hibernate.internal.ExceptionConverterImpl.convert(ExceptionConverterImpl.java:167) ~[hibernate-core-6.3.1.Final.jar:6.3.1.Final]
	at org.hibernate.internal.ExceptionConverterImpl.convert(ExceptionConverterImpl.java:173) ~[hibernate-core-6.3.1.Final.jar:6.3.1.Final]
	at org.hibernate.internal.AbstractSharedSessionContract.createQuery(AbstractSharedSessionContract.java:802) ~[hibernate-core-6.3.1.Final.jar:6.3.1.Final]
	at org.hibernate.internal.AbstractSharedSessionContract.createQuery(AbstractSharedSessionContract.java:707) ~[hibernate-core-6.3.1.Final.jar:6.3.1.Final]
	at org.hibernate.internal.AbstractSharedSessionContract.createQuery(AbstractSharedSessionContract.java:132) ~[hibernate-core-6.3.1.Final.jar:6.3.1.Final]
	at java.base/jdk.internal.reflect.NativeMethodAccessorImpl.invoke0(Native Method) ~[na:na]
	at java.base/jdk.internal.reflect.NativeMethodAccessorImpl.invoke(NativeMethodAccessorImpl.java:77) ~[na:na]
	at java.base/jdk.internal.reflect.DelegatingMethodAccessorImpl.invoke(DelegatingMethodAccessorImpl.java:43) ~[na:na]
	at java.base/java.lang.reflect.Method.invoke(Method.java:568) ~[na:na]
	at org.springframework.orm.jpa.ExtendedEntityManagerCreator$ExtendedEntityManagerInvocationHandler.invoke(ExtendedEntityManagerCreator.java:360) ~[spring-orm-6.1.1.jar:6.1.1]
	at jdk.proxy2/jdk.proxy2.$Proxy106.createQuery(Unknown Source) ~[na:na]
	at org.springframework.data.jpa.repository.query.SimpleJpaQuery.validateQuery(SimpleJpaQuery.java:94) ~[spring-data-jpa-3.2.0.jar:3.2.0]
	... 48 common frames omitted
Caused by: org.hibernate.query.sqm.produce.function.FunctionArgumentException: Parameter 1 of function 'lower()' has type 'STRING', but argument is of type 'java.lang.Object'
	at org.hibernate.query.sqm.produce.function.ArgumentTypesValidator.throwError(ArgumentTypesValidator.java:291) ~[hibernate-core-6.3.1.Final.jar:6.3.1.Final]
	at org.hibernate.query.sqm.produce.function.ArgumentTypesValidator.checkArgumentType(ArgumentTypesValidator.java:242) ~[hibernate-core-6.3.1.Final.jar:6.3.1.Final]
	at org.hibernate.query.sqm.produce.function.ArgumentTypesValidator.checkArgumentType(ArgumentTypesValidator.java:140) ~[hibernate-core-6.3.1.Final.jar:6.3.1.Final]
	at org.hibernate.query.sqm.produce.function.ArgumentTypesValidator.validate(ArgumentTypesValidator.java:100) ~[hibernate-core-6.3.1.Final.jar:6.3.1.Final]
	at org.hibernate.query.sqm.function.AbstractSqmFunctionDescriptor.generateSqmExpression(AbstractSqmFunctionDescriptor.java:102) ~[hibernate-core-6.3.1.Final.jar:6.3.1.Final]
	at org.hibernate.query.hql.internal.SemanticQueryBuilder.visitGenericFunction(SemanticQueryBuilder.java:3843) ~[hibernate-core-6.3.1.Final.jar:6.3.1.Final]
	at org.hibernate.grammars.hql.HqlParser$GenericFunctionContext.accept(HqlParser.java:11649) ~[hibernate-core-6.3.1.Final.jar:6.3.1.Final]
	at org.antlr.v4.runtime.tree.AbstractParseTreeVisitor.visitChildren(AbstractParseTreeVisitor.java:46) ~[antlr4-runtime-4.10.1.jar:4.10.1]
	at org.hibernate.grammars.hql.HqlParserBaseVisitor.visitFunction(HqlParserBaseVisitor.java:1287) ~[hibernate-core-6.3.1.Final.jar:6.3.1.Final]
	at org.hibernate.grammars.hql.HqlParser$FunctionContext.accept(HqlParser.java:11424) ~[hibernate-core-6.3.1.Final.jar:6.3.1.Final]
	at org.hibernate.query.hql.internal.SemanticQueryBuilder.visitFunctionExpression(SemanticQueryBuilder.java:1786) ~[hibernate-core-6.3.1.Final.jar:6.3.1.Final]
	at org.hibernate.query.hql.internal.SemanticQueryBuilder.visitFunctionExpression(SemanticQueryBuilder.java:268) ~[hibernate-core-6.3.1.Final.jar:6.3.1.Final]
	at org.hibernate.grammars.hql.HqlParser$FunctionExpressionContext.accept(HqlParser.java:7457) ~[hibernate-core-6.3.1.Final.jar:6.3.1.Final]
	at org.antlr.v4.runtime.tree.AbstractParseTreeVisitor.visitChildren(AbstractParseTreeVisitor.java:46) ~[antlr4-runtime-4.10.1.jar:4.10.1]
	at org.hibernate.grammars.hql.HqlParserBaseVisitor.visitBarePrimaryExpression(HqlParserBaseVisitor.java:755) ~[hibernate-core-6.3.1.Final.jar:6.3.1.Final]
	at org.hibernate.grammars.hql.HqlParser$BarePrimaryExpressionContext.accept(HqlParser.java:7045) ~[hibernate-core-6.3.1.Final.jar:6.3.1.Final]
	at org.hibernate.query.hql.internal.SemanticQueryBuilder.createComparisonPredicate(SemanticQueryBuilder.java:2429) ~[hibernate-core-6.3.1.Final.jar:6.3.1.Final]
	at org.hibernate.query.hql.internal.SemanticQueryBuilder.visitComparisonPredicate(SemanticQueryBuilder.java:2391) ~[hibernate-core-6.3.1.Final.jar:6.3.1.Final]
	at org.hibernate.query.hql.internal.SemanticQueryBuilder.visitComparisonPredicate(SemanticQueryBuilder.java:268) ~[hibernate-core-6.3.1.Final.jar:6.3.1.Final]
	at org.hibernate.grammars.hql.HqlParser$ComparisonPredicateContext.accept(HqlParser.java:6071) ~[hibernate-core-6.3.1.Final.jar:6.3.1.Final]
	at org.hibernate.query.hql.internal.SemanticQueryBuilder.visitWhereClause(SemanticQueryBuilder.java:2243) ~[hibernate-core-6.3.1.Final.jar:6.3.1.Final]
	at org.hibernate.query.hql.internal.SemanticQueryBuilder.visitWhereClause(SemanticQueryBuilder.java:268) ~[hibernate-core-6.3.1.Final.jar:6.3.1.Final]
	at org.hibernate.grammars.hql.HqlParser$WhereClauseContext.accept(HqlParser.java:5822) ~[hibernate-core-6.3.1.Final.jar:6.3.1.Final]
	at org.hibernate.query.hql.internal.SemanticQueryBuilder.visitQuery(SemanticQueryBuilder.java:1158) ~[hibernate-core-6.3.1.Final.jar:6.3.1.Final]
	at org.hibernate.query.hql.internal.SemanticQueryBuilder.visitQuerySpecExpression(SemanticQueryBuilder.java:940) ~[hibernate-core-6.3.1.Final.jar:6.3.1.Final]
	at org.hibernate.query.hql.internal.SemanticQueryBuilder.visitQuerySpecExpression(SemanticQueryBuilder.java:268) ~[hibernate-core-6.3.1.Final.jar:6.3.1.Final]
	at org.hibernate.grammars.hql.HqlParser$QuerySpecExpressionContext.accept(HqlParser.java:1844) ~[hibernate-core-6.3.1.Final.jar:6.3.1.Final]
	at org.hibernate.query.hql.internal.SemanticQueryBuilder.visitSimpleQueryGroup(SemanticQueryBuilder.java:925) ~[hibernate-core-6.3.1.Final.jar:6.3.1.Final]
	at org.hibernate.query.hql.internal.SemanticQueryBuilder.visitSimpleQueryGroup(SemanticQueryBuilder.java:268) ~[hibernate-core-6.3.1.Final.jar:6.3.1.Final]
	at org.hibernate.grammars.hql.HqlParser$SimpleQueryGroupContext.accept(HqlParser.java:1718) ~[hibernate-core-6.3.1.Final.jar:6.3.1.Final]
	at org.hibernate.query.hql.internal.SemanticQueryBuilder.visitSelectStatement(SemanticQueryBuilder.java:442) ~[hibernate-core-6.3.1.Final.jar:6.3.1.Final]
	at org.hibernate.query.hql.internal.SemanticQueryBuilder.visitStatement(SemanticQueryBuilder.java:401) ~[hibernate-core-6.3.1.Final.jar:6.3.1.Final]
	at org.hibernate.query.hql.internal.SemanticQueryBuilder.buildSemanticModel(SemanticQueryBuilder.java:310) ~[hibernate-core-6.3.1.Final.jar:6.3.1.Final]
	at org.hibernate.query.hql.internal.StandardHqlTranslator.translate(StandardHqlTranslator.java:71) ~[hibernate-core-6.3.1.Final.jar:6.3.1.Final]
	at org.hibernate.query.internal.QueryInterpretationCacheStandardImpl.createHqlInterpretation(QueryInterpretationCacheStandardImpl.java:165) ~[hibernate-core-6.3.1.Final.jar:6.3.1.Final]
	at org.hibernate.query.internal.QueryInterpretationCacheStandardImpl.resolveHqlInterpretation(QueryInterpretationCacheStandardImpl.java:147) ~[hibernate-core-6.3.1.Final.jar:6.3.1.Final]
	at org.hibernate.internal.AbstractSharedSessionContract.interpretHql(AbstractSharedSessionContract.java:744) ~[hibernate-core-6.3.1.Final.jar:6.3.1.Final]
	at org.hibernate.internal.AbstractSharedSessionContract.createQuery(AbstractSharedSessionContract.java:794) ~[hibernate-core-6.3.1.Final.jar:6.3.1.Final]
	... 57 common frames omitted

